Base path: D:/Unity 3D/Data
Pipe name: \\.\pipe\UnityShaderCompiler-4-7316
Cmd: getPlatforms
Cmd: compileSnippet
  api=0 type=0 insize=4486 outsize=468 kw=DIRECTIONAL SHADOWS_OFF LIGHTMAP_ON DIRLIGHTMAP_OFF ok=1
Cmd: compileSnippet
  api=1 type=0 insize=4486 outsize=216 kw=DIRECTIONAL SHADOWS_OFF LIGHTMAP_ON DIRLIGHTMAP_OFF ok=1
Cmd: compileSnippet
  api=4 type=0 insize=4486 outsize=1640 kw=DIRECTIONAL SHADOWS_OFF LIGHTMAP_ON DIRLIGHTMAP_ON ok=1
Cmd: compileSnippet
  api=1 type=0 insize=4486 outsize=745 kw=DIRECTIONAL SHADOWS_SCREEN LIGHTMAP_OFF DIRLIGHTMAP_OFF ok=1
Cmd: compileSnippet
  api=0 type=0 insize=4486 outsize=572 kw=DIRECTIONAL SHADOWS_SCREEN LIGHTMAP_ON DIRLIGHTMAP_OFF ok=1
Cmd: compileSnippet
  api=1 type=0 insize=4486 outsize=345 kw=DIRECTIONAL SHADOWS_SCREEN LIGHTMAP_ON DIRLIGHTMAP_ON ok=1
Cmd: compileSnippet
  api=1 type=0 insize=4486 outsize=1172 kw=DIRECTIONAL SHADOWS_OFF LIGHTMAP_OFF DIRLIGHTMAP_OFF VERTEXLIGHT_ON ok=1
Cmd: compileSnippet
  api=4 type=0 insize=4486 outsize=4865 kw=DIRECTIONAL SHADOWS_SCREEN LIGHTMAP_OFF DIRLIGHTMAP_OFF VERTEXLIGHT_ON ok=1
Cmd: compileSnippet
  api=0 type=1 insize=4486 outsize=338 kw=DIRECTIONAL SHADOWS_OFF LIGHTMAP_ON DIRLIGHTMAP_OFF ok=1
Cmd: compileSnippet
  api=1 type=1 insize=4486 outsize=243 kw=DIRECTIONAL SHADOWS_OFF LIGHTMAP_ON DIRLIGHTMAP_OFF ok=1
Cmd: compileSnippet
  api=8 type=1 insize=4486 outsize=1788 kw=DIRECTIONAL SHADOWS_OFF LIGHTMAP_ON DIRLIGHTMAP_OFF ok=1
Cmd: compileSnippet
  api=0 type=1 insize=4486 outsize=496 kw=DIRECTIONAL SHADOWS_SCREEN LIGHTMAP_OFF DIRLIGHTMAP_OFF ok=1
Cmd: compileSnippet
  api=0 type=1 insize=4486 outsize=516 kw=DIRECTIONAL SHADOWS_SCREEN LIGHTMAP_ON DIRLIGHTMAP_OFF ok=1
Cmd: compileSnippet
  api=8 type=1 insize=4486 outsize=2641 kw=DIRECTIONAL SHADOWS_SCREEN LIGHTMAP_ON DIRLIGHTMAP_OFF ok=1
Cmd: compileSnippet
  api=1 type=0 insize=2341 outsize=383 kw=POINT ok=1
Cmd: compileSnippet
  api=1 type=0 insize=2341 outsize=253 kw=DIRECTIONAL ok=1
Cmd: compileSnippet
  api=0 type=0 insize=2341 outsize=854 kw=SPOT ok=1
Cmd: compileSnippet
  api=4 type=0 insize=2341 outsize=2875 kw=POINT_COOKIE ok=1
Cmd: compileSnippet
  api=4 type=0 insize=2341 outsize=2542 kw=DIRECTIONAL_COOKIE ok=1
Cmd: compileSnippet
  api=0 type=1 insize=2341 outsize=380 kw=DIRECTIONAL ok=1
Cmd: compileSnippet
  api=1 type=1 insize=2341 outsize=286 kw=DIRECTIONAL ok=1
Cmd: compileSnippet
  api=0 type=1 insize=2341 outsize=765 kw=SPOT ok=1
Cmd: compileSnippet
  api=0 type=1 insize=2341 outsize=637 kw=POINT_COOKIE ok=1
Cmd: compileSnippet
  api=8 type=1 insize=2341 outsize=2698 kw=POINT_COOKIE ok=1
Cmd: compileSnippet
  api=1 type=0 insize=1869 outsize=190 kw= ok=1
Cmd: compileSnippet
  api=0 type=0 insize=4178 outsize=887 kw=LIGHTMAP_ON DIRLIGHTMAP_OFF HDR_LIGHT_PREPASS_OFF ok=1
Cmd: compileSnippet
  api=1 type=0 insize=4178 outsize=339 kw=LIGHTMAP_ON DIRLIGHTMAP_ON HDR_LIGHT_PREPASS_OFF ok=1
Cmd: compileSnippet
  api=1 type=0 insize=4178 outsize=665 kw=LIGHTMAP_OFF DIRLIGHTMAP_OFF HDR_LIGHT_PREPASS_ON ok=1
Cmd: compileSnippet
  api=4 type=0 insize=4178 outsize=3029 kw=LIGHTMAP_ON DIRLIGHTMAP_OFF HDR_LIGHT_PREPASS_ON ok=1
Cmd: compileSnippet
  api=1 type=0 insize=4178 outsize=339 kw=LIGHTMAP_ON DIRLIGHTMAP_ON HDR_LIGHT_PREPASS_ON ok=1
Cmd: compileSnippet
  api=8 type=1 insize=4178 outsize=1983 kw=LIGHTMAP_OFF DIRLIGHTMAP_OFF HDR_LIGHT_PREPASS_OFF ok=1
Cmd: compileSnippet
  api=0 type=1 insize=4178 outsize=451 kw=LIGHTMAP_ON DIRLIGHTMAP_ON HDR_LIGHT_PREPASS_OFF ok=1
Cmd: compileSnippet
  api=8 type=1 insize=4178 outsize=2340 kw=LIGHTMAP_ON DIRLIGHTMAP_ON HDR_LIGHT_PREPASS_OFF ok=1
Cmd: compileSnippet
  api=0 type=1 insize=4178 outsize=671 kw=LIGHTMAP_ON DIRLIGHTMAP_OFF HDR_LIGHT_PREPASS_ON ok=1
Cmd: compileSnippet
  api=8 type=1 insize=4178 outsize=3234 kw=LIGHTMAP_ON DIRLIGHTMAP_OFF HDR_LIGHT_PREPASS_ON ok=1
Cmd: compileSnippet
  api=1 type=1 insize=792 outsize=276 kw= ok=1
Cmd: compileSnippet
  api=0 type=0 insize=6463 outsize=1387 kw=DIRECTIONAL SHADOWS_OFF LIGHTMAP_ON DIRLIGHTMAP_OFF ok=1
Cmd: compileSnippet
  api=1 type=0 insize=6463 outsize=933 kw=DIRECTIONAL SHADOWS_OFF LIGHTMAP_ON DIRLIGHTMAP_ON ok=1
Cmd: compileSnippet
  api=4 type=0 insize=6463 outsize=6125 kw=DIRECTIONAL SHADOWS_SCREEN LIGHTMAP_OFF DIRLIGHTMAP_OFF ok=1
Cmd: compileSnippet
  api=4 type=0 insize=6463 outsize=4565 kw=DIRECTIONAL SHADOWS_SCREEN LIGHTMAP_ON DIRLIGHTMAP_ON ok=1
Cmd: compileSnippet
  api=4 type=0 insize=6463 outsize=7490 kw=DIRECTIONAL SHADOWS_OFF LIGHTMAP_OFF DIRLIGHTMAP_OFF VERTEXLIGHT_ON ok=1
Cmd: compileSnippet
  api=0 type=1 insize=6463 outsize=1257 kw=DIRECTIONAL SHADOWS_OFF LIGHTMAP_ON DIRLIGHTMAP_OFF ok=1
Cmd: compileSnippet
  api=0 type=1 insize=6463 outsize=2012 kw=DIRECTIONAL SHADOWS_OFF LIGHTMAP_ON DIRLIGHTMAP_ON ok=1
Cmd: compileSnippet
  api=4 type=1 insize=6463 outsize=4987 kw=DIRECTIONAL SHADOWS_OFF LIGHTMAP_ON DIRLIGHTMAP_ON ok=1
Cmd: compileSnippet
  api=0 type=1 insize=6463 outsize=2177 kw=DIRECTIONAL SHADOWS_SCREEN LIGHTMAP_ON DIRLIGHTMAP_ON ok=1
Cmd: compileSnippet
  api=1 type=1 insize=6463 outsize=1986 kw=DIRECTIONAL SHADOWS_SCREEN LIGHTMAP_ON DIRLIGHTMAP_ON ok=1
Cmd: compileSnippet
  api=0 type=0 insize=3306 outsize=1098 kw=DIRECTIONAL ok=1
Cmd: compileSnippet
  api=4 type=0 insize=3306 outsize=3720 kw=POINT_COOKIE ok=1
Cmd: compileSnippet
  api=0 type=1 insize=3306 outsize=1258 kw=DIRECTIONAL ok=1
Cmd: compileSnippet
  api=1 type=1 insize=3306 outsize=1368 kw=SPOT ok=1
Cmd: compileSnippet
  api=4 type=1 insize=3306 outsize=3582 kw=POINT_COOKIE ok=1
Cmd: compileSnippet
  api=0 type=0 insize=5932 outsize=1817 kw=LIGHTMAP_ON DIRLIGHTMAP_OFF HDR_LIGHT_PREPASS_OFF ok=1
Cmd: compileSnippet
  api=1 type=0 insize=5932 outsize=1074 kw=LIGHTMAP_ON DIRLIGHTMAP_ON HDR_LIGHT_PREPASS_OFF ok=1
Cmd: compileSnippet
  api=4 type=0 insize=5932 outsize=5540 kw=LIGHTMAP_OFF DIRLIGHTMAP_OFF HDR_LIGHT_PREPASS_ON ok=1
Cmd: compileSnippet
  api=1 type=0 insize=5932 outsize=1074 kw=LIGHTMAP_ON DIRLIGHTMAP_ON HDR_LIGHT_PREPASS_ON ok=1
Cmd: compileSnippet
  api=1 type=1 insize=5932 outsize=1223 kw=LIGHTMAP_OFF DIRLIGHTMAP_OFF HDR_LIGHT_PREPASS_OFF ok=1
Cmd: compileSnippet
  api=4 type=1 insize=5932 outsize=4565 kw=LIGHTMAP_ON DIRLIGHTMAP_OFF HDR_LIGHT_PREPASS_OFF ok=1
Cmd: compileSnippet
  api=1 type=1 insize=5932 outsize=1151 kw=LIGHTMAP_OFF DIRLIGHTMAP_OFF HDR_LIGHT_PREPASS_ON ok=1
Cmd: compileSnippet
  api=1 type=1 insize=5932 outsize=1439 kw=LIGHTMAP_ON DIRLIGHTMAP_OFF HDR_LIGHT_PREPASS_ON ok=1
Cmd: compileSnippet
  api=4 type=1 insize=5932 outsize=5385 kw=LIGHTMAP_ON DIRLIGHTMAP_ON HDR_LIGHT_PREPASS_ON ok=1
Cmd: compileSnippet
  api=0 type=0 insize=5789 outsize=1255 kw=DIRECTIONAL SHADOWS_OFF LIGHTMAP_ON DIRLIGHTMAP_OFF ok=1
Cmd: compileSnippet
  api=0 type=0 insize=5789 outsize=1255 kw=DIRECTIONAL SHADOWS_OFF LIGHTMAP_ON DIRLIGHTMAP_ON ok=1
Cmd: compileSnippet
  api=1 type=0 insize=5789 outsize=1336 kw=DIRECTIONAL SHADOWS_SCREEN LIGHTMAP_OFF DIRLIGHTMAP_OFF ok=1
Cmd: compileSnippet
  api=1 type=0 insize=5789 outsize=898 kw=DIRECTIONAL SHADOWS_SCREEN LIGHTMAP_ON DIRLIGHTMAP_OFF ok=1
Cmd: compileSnippet
  api=0 type=0 insize=5789 outsize=2471 kw=DIRECTIONAL SHADOWS_OFF LIGHTMAP_OFF DIRLIGHTMAP_OFF VERTEXLIGHT_ON ok=1
Cmd: compileSnippet
  api=1 type=0 insize=5789 outsize=1899 kw=DIRECTIONAL SHADOWS_SCREEN LIGHTMAP_OFF DIRLIGHTMAP_OFF VERTEXLIGHT_ON ok=1
Cmd: compileSnippet
  api=1 type=1 insize=5789 outsize=786 kw=DIRECTIONAL SHADOWS_OFF LIGHTMAP_OFF DIRLIGHTMAP_OFF ok=1
Cmd: compileSnippet
  api=0 type=1 insize=5789 outsize=1226 kw=DIRECTIONAL SHADOWS_OFF LIGHTMAP_ON DIRLIGHTMAP_ON ok=1
Cmd: compileSnippet
  api=4 type=1 insize=5789 outsize=3200 kw=DIRECTIONAL SHADOWS_OFF LIGHTMAP_ON DIRLIGHTMAP_ON ok=1
Cmd: compileSnippet
  api=1 type=1 insize=5789 outsize=860 kw=DIRECTIONAL SHADOWS_SCREEN LIGHTMAP_ON DIRLIGHTMAP_OFF ok=1
Cmd: compileSnippet
  api=1 type=1 insize=5789 outsize=1208 kw=DIRECTIONAL SHADOWS_SCREEN LIGHTMAP_ON DIRLIGHTMAP_ON ok=1
Cmd: compileSnippet
  api=1 type=0 insize=2755 outsize=463 kw=DIRECTIONAL ok=1
Cmd: compileSnippet
  api=0 type=0 insize=2755 outsize=1117 kw=POINT_COOKIE ok=1
Cmd: compileSnippet
  api=0 type=0 insize=2755 outsize=1037 kw=DIRECTIONAL_COOKIE ok=1
Cmd: compileSnippet
  api=1 type=1 insize=2755 outsize=480 kw=DIRECTIONAL ok=1
Cmd: compileSnippet
  api=4 type=1 insize=2755 outsize=2501 kw=SPOT ok=1
Cmd: compileSnippet
  api=1 type=1 insize=2755 outsize=566 kw=DIRECTIONAL_COOKIE ok=1
Cmd: compileSnippet
  api=0 type=0 insize=5420 outsize=1724 kw=LIGHTMAP_OFF DIRLIGHTMAP_OFF HDR_LIGHT_PREPASS_OFF ok=1
Cmd: compileSnippet
  api=4 type=0 insize=5420 outsize=4321 kw=LIGHTMAP_ON DIRLIGHTMAP_ON HDR_LIGHT_PREPASS_OFF ok=1
Cmd: compileSnippet
  api=1 type=0 insize=5420 outsize=1198 kw=LIGHTMAP_OFF DIRLIGHTMAP_OFF HDR_LIGHT_PREPASS_ON ok=1
Cmd: compileSnippet
  api=0 type=0 insize=5420 outsize=1367 kw=LIGHTMAP_ON DIRLIGHTMAP_ON HDR_LIGHT_PREPASS_ON ok=1
Cmd: compileSnippet
  api=0 type=1 insize=5420 outsize=1261 kw=LIGHTMAP_ON DIRLIGHTMAP_OFF HDR_LIGHT_PREPASS_OFF ok=1
Cmd: compileSnippet
  api=4 type=1 insize=5420 outsize=3565 kw=LIGHTMAP_ON DIRLIGHTMAP_OFF HDR_LIGHT_PREPASS_OFF ok=1
Cmd: compileSnippet
  api=1 type=1 insize=5420 outsize=683 kw=LIGHTMAP_OFF DIRLIGHTMAP_OFF HDR_LIGHT_PREPASS_ON ok=1
Cmd: compileSnippet
  api=4 type=1 insize=5420 outsize=3517 kw=LIGHTMAP_ON DIRLIGHTMAP_OFF HDR_LIGHT_PREPASS_ON ok=1
Cmd: compileSnippet
  api=1 type=0 insize=4962 outsize=668 kw=DIRECTIONAL LIGHTMAP_OFF DIRLIGHTMAP_OFF ok=1
Cmd: compileSnippet
  api=1 type=0 insize=4962 outsize=190 kw=DIRECTIONAL LIGHTMAP_ON DIRLIGHTMAP_OFF ok=1
Cmd: compileSnippet
  api=1 type=0 insize=4962 outsize=533 kw=DIRECTIONAL LIGHTMAP_ON DIRLIGHTMAP_ON ok=1
Cmd: compileSnippet
  api=1 type=0 insize=4962 outsize=1207 kw=DIRECTIONAL LIGHTMAP_OFF DIRLIGHTMAP_OFF VERTEXLIGHT_ON ok=1
Cmd: compileSnippet
  api=8 type=1 insize=4962 outsize=3340 kw=DIRECTIONAL LIGHTMAP_OFF DIRLIGHTMAP_OFF ok=1
Cmd: compileSnippet
  api=1 type=1 insize=4962 outsize=911 kw=DIRECTIONAL LIGHTMAP_ON DIRLIGHTMAP_ON ok=1
Cmd: compileSnippet
  api=0 type=0 insize=2504 outsize=699 kw=DIRECTIONAL ok=1
Cmd: compileSnippet
  api=1 type=0 insize=2504 outsize=424 kw=SPOT ok=1
Cmd: compileSnippet
  api=4 type=0 insize=2504 outsize=3053 kw=POINT_COOKIE ok=1
Cmd: compileSnippet
  api=4 type=0 insize=2504 outsize=3029 kw=DIRECTIONAL_COOKIE ok=1
Cmd: compileSnippet
  api=8 type=1 insize=2504 outsize=3819 kw=POINT ok=1
Cmd: compileSnippet
  api=4 type=1 insize=2504 outsize=3013 kw=SPOT ok=1
Cmd: compileSnippet
  api=4 type=1 insize=2504 outsize=2704 kw=POINT_COOKIE ok=1
Cmd: compileSnippet
  api=8 type=1 insize=2504 outsize=3608 kw=DIRECTIONAL_COOKIE ok=1
Cmd: compileSnippet
  api=0 type=0 insize=6352 outsize=1259 kw=DIRECTIONAL SHADOWS_OFF LIGHTMAP_ON DIRLIGHTMAP_OFF ok=1
Cmd: compileSnippet
  api=4 type=0 insize=6352 outsize=4207 kw=DIRECTIONAL SHADOWS_OFF LIGHTMAP_ON DIRLIGHTMAP_ON ok=1
Cmd: compileSnippet
  api=1 type=0 insize=6352 outsize=1511 kw=DIRECTIONAL SHADOWS_SCREEN LIGHTMAP_OFF DIRLIGHTMAP_OFF ok=1
Cmd: compileSnippet
  api=0 type=0 insize=6352 outsize=1485 kw=DIRECTIONAL SHADOWS_SCREEN LIGHTMAP_ON DIRLIGHTMAP_ON ok=1
Cmd: compileSnippet
  api=0 type=0 insize=6352 outsize=2703 kw=DIRECTIONAL SHADOWS_SCREEN LIGHTMAP_OFF DIRLIGHTMAP_OFF VERTEXLIGHT_ON ok=1
Cmd: compileSnippet
  api=1 type=1 insize=6352 outsize=1274 kw=DIRECTIONAL SHADOWS_OFF LIGHTMAP_OFF DIRLIGHTMAP_OFF ok=1
Cmd: compileSnippet
  api=1 type=1 insize=6352 outsize=1554 kw=DIRECTIONAL SHADOWS_OFF LIGHTMAP_ON DIRLIGHTMAP_ON ok=1
Cmd: compileSnippet
  api=1 type=1 insize=6352 outsize=1354 kw=DIRECTIONAL SHADOWS_SCREEN LIGHTMAP_OFF DIRLIGHTMAP_OFF ok=1
Cmd: compileSnippet
  api=0 type=1 insize=6352 outsize=1887 kw=DIRECTIONAL SHADOWS_SCREEN LIGHTMAP_ON DIRLIGHTMAP_ON ok=1
Cmd: compileSnippet
  api=1 type=0 insize=3066 outsize=880 kw=POINT ok=1
Cmd: compileSnippet
  api=4 type=0 insize=3066 outsize=3720 kw=SPOT ok=1
Cmd: compileSnippet
  api=0 type=0 insize=3066 outsize=1309 kw=DIRECTIONAL_COOKIE ok=1
Cmd: compileSnippet
  api=1 type=1 insize=3066 outsize=983 kw=POINT ok=1
Cmd: compileSnippet
  api=0 type=1 insize=3066 outsize=1321 kw=SPOT ok=1
Cmd: compileSnippet
  api=4 type=1 insize=3066 outsize=3387 kw=SPOT ok=1
Cmd: compileSnippet
  api=4 type=1 insize=3066 outsize=2737 kw=DIRECTIONAL_COOKIE ok=1
Cmd: compileSnippet
  api=1 type=0 insize=5734 outsize=1306 kw=LIGHTMAP_OFF DIRLIGHTMAP_OFF HDR_LIGHT_PREPASS_OFF ok=1
Cmd: compileSnippet
  api=4 type=0 insize=5734 outsize=5320 kw=LIGHTMAP_ON DIRLIGHTMAP_OFF HDR_LIGHT_PREPASS_OFF ok=1
Cmd: compileSnippet
  api=1 type=0 insize=5734 outsize=1306 kw=LIGHTMAP_OFF DIRLIGHTMAP_OFF HDR_LIGHT_PREPASS_ON ok=1
Cmd: compileSnippet
  api=4 type=0 insize=5734 outsize=5320 kw=LIGHTMAP_ON DIRLIGHTMAP_OFF HDR_LIGHT_PREPASS_ON ok=1
Cmd: compileSnippet
  api=1 type=1 insize=5734 outsize=898 kw=LIGHTMAP_OFF DIRLIGHTMAP_OFF HDR_LIGHT_PREPASS_OFF ok=1
Cmd: compileSnippet
  api=0 type=1 insize=5734 outsize=1872 kw=LIGHTMAP_ON DIRLIGHTMAP_ON HDR_LIGHT_PREPASS_OFF ok=1
Cmd: compileSnippet
  api=0 type=1 insize=5734 outsize=987 kw=LIGHTMAP_OFF DIRLIGHTMAP_OFF HDR_LIGHT_PREPASS_ON ok=1
Cmd: compileSnippet
  api=1 type=1 insize=5734 outsize=1106 kw=LIGHTMAP_ON DIRLIGHTMAP_OFF HDR_LIGHT_PREPASS_ON ok=1
Cmd: compileSnippet
  api=0 type=1 insize=5734 outsize=1815 kw=LIGHTMAP_ON DIRLIGHTMAP_ON HDR_LIGHT_PREPASS_ON ok=1
Cmd: compileSnippet
  api=0 type=0 insize=4310 outsize=436 kw=DIRECTIONAL LIGHTMAP_ON DIRLIGHTMAP_OFF ok=1
Cmd: compileSnippet
  api=4 type=0 insize=4310 outsize=1493 kw=DIRECTIONAL LIGHTMAP_ON DIRLIGHTMAP_OFF ok=1
Cmd: compileSnippet
  api=1 type=0 insize=4310 outsize=190 kw=DIRECTIONAL LIGHTMAP_ON DIRLIGHTMAP_ON ok=1
Cmd: compileSnippet
  api=4 type=0 insize=4310 outsize=4329 kw=DIRECTIONAL LIGHTMAP_OFF DIRLIGHTMAP_OFF VERTEXLIGHT_ON ok=1
Cmd: compileSnippet
  api=0 type=1 insize=4310 outsize=314 kw=DIRECTIONAL LIGHTMAP_ON DIRLIGHTMAP_OFF ok=1
Cmd: compileSnippet
  api=1 type=1 insize=4310 outsize=225 kw=DIRECTIONAL LIGHTMAP_ON DIRLIGHTMAP_OFF ok=1
Cmd: compileSnippet
  api=1 type=1 insize=4310 outsize=225 kw=DIRECTIONAL LIGHTMAP_ON DIRLIGHTMAP_ON ok=1
Cmd: compileSnippet
  api=0 type=0 insize=2268 outsize=817 kw=POINT ok=1
Cmd: compileSnippet
  api=8 type=0 insize=2268 outsize=2608 kw=DIRECTIONAL ok=1
Cmd: compileSnippet
  api=8 type=0 insize=2268 outsize=4128 kw=SPOT ok=1
Cmd: compileSnippet
  api=0 type=0 insize=2268 outsize=775 kw=DIRECTIONAL_COOKIE ok=1
Cmd: compileSnippet
  api=8 type=0 insize=2268 outsize=3632 kw=DIRECTIONAL_COOKIE ok=1
Cmd: compileSnippet
  api=1 type=1 insize=2268 outsize=412 kw=POINT ok=1
Cmd: compileSnippet
  api=8 type=1 insize=2268 outsize=1796 kw=DIRECTIONAL ok=1
Cmd: compileSnippet
  api=8 type=1 insize=2268 outsize=3088 kw=SPOT ok=1
Cmd: compileSnippet
  api=8 type=1 insize=2268 outsize=2673 kw=POINT_COOKIE ok=1
Cmd: compileSnippet
  api=0 type=0 insize=609 outsize=452 kw=SHADOWS_CUBE ok=1
Cmd: compileSnippet
  api=1 type=1 insize=609 outsize=304 kw=SHADOWS_CUBE ok=1
Cmd: compileSnippet
  api=1 type=0 insize=694 outsize=456 kw=SHADOWS_NATIVE ok=1
Cmd: compileSnippet
  api=0 type=0 insize=694 outsize=1025 kw=SHADOWS_SPLIT_SPHERES SHADOWS_NONATIVE ok=1
Cmd: compileSnippet
  api=1 type=1 insize=694 outsize=623 kw=SHADOWS_NATIVE ok=1
Cmd: compileSnippet
  api=0 type=1 insize=694 outsize=1096 kw=SHADOWS_SPLIT_SPHERES SHADOWS_NONATIVE ok=1
Cmd: compileSnippet
  api=4 type=1 insize=694 outsize=3037 kw=SHADOWS_SPLIT_SPHERES SHADOWS_NATIVE ok=1
Cmd: compileSnippet
  api=8 type=0 insize=1760 outsize=2998 kw= ok=1
Cmd: compileSnippet
  api=8 type=1 insize=1760 outsize=1885 kw= ok=1
Cmd: compileSnippet
  api=8 type=0 insize=1986 outsize=1438 kw= ok=1
Cmd: compileSnippet
  api=8 type=1 insize=1986 outsize=1008 kw= ok=1
Cmd: compileSnippet
  api=1 type=1 insize=2398 outsize=302 kw= ok=1
Cmd: compileSnippet
  api=8 type=1 insize=2399 outsize=2283 kw= ok=1
Cmd: compileSnippet
  api=8 type=0 insize=2403 outsize=2470 kw= ok=1
Cmd: compileSnippet
  api=1 type=1 insize=2403 outsize=256 kw= ok=1
Cmd: compileSnippet
  api=1 type=0 insize=2403 outsize=338 kw= ok=1
Cmd: compileSnippet
  api=1 type=0 insize=1389 outsize=381 kw= ok=1
Cmd: compileSnippet
  api=0 type=0 insize=808 outsize=365 kw=GLOW11_GLOW_MAINTEX NO_MULTIPLY ok=1
Cmd: compileSnippet
  api=8 type=0 insize=808 outsize=1617 kw=GLOW11_MULTIPLY_GLOWCOLOR GLOW11_GLOW_MAINTEX ok=1
Cmd: compileSnippet
  api=8 type=0 insize=808 outsize=1812 kw=GLOW11_MULTIPLY_VERT GLOW11_GLOW_MAINTEX ok=1
Cmd: compileSnippet
  api=8 type=0 insize=808 outsize=1812 kw=GLOW11_GLOW_MAINTEX GLOW11_MULTIPLY_VERT_ALPHA ok=1
Cmd: compileSnippet
  api=8 type=0 insize=808 outsize=1820 kw=GLOW11_GLOW_MAINTEX GLOW11_MULTIPLY_ILLUMTEX_ALPHA ok=1
Cmd: compileSnippet
  api=4 type=0 insize=808 outsize=1128 kw=GLOW11_GLOW_MAINTEX GLOW11_MULTIPLY_MAINTEX_ALPHA ok=1
Cmd: compileSnippet
  api=0 type=0 insize=808 outsize=281 kw=NO_MULTIPLY GLOW11_GLOW_MAINCOLOR ok=1
Cmd: compileSnippet
  api=0 type=0 insize=808 outsize=281 kw=GLOW11_MULTIPLY_GLOWCOLOR GLOW11_GLOW_MAINCOLOR ok=1
Cmd: compileSnippet
  api=0 type=0 insize=808 outsize=313 kw=GLOW11_MULTIPLY_VERT GLOW11_GLOW_MAINCOLOR ok=1
Cmd: compileSnippet
  api=4 type=0 insize=808 outsize=1038 kw=GLOW11_MULTIPLY_VERT_ALPHA GLOW11_GLOW_MAINCOLOR ok=1
Cmd: compileSnippet
  api=0 type=0 insize=808 outsize=365 kw=GLOW11_MULTIPLY_ILLUMTEX_ALPHA GLOW11_GLOW_MAINCOLOR ok=1
Cmd: compileSnippet
  api=0 type=0 insize=808 outsize=281 kw=GLOW11_MULTIPLY_MAINTEX_ALPHA GLOW11_GLOW_MAINCOLOR ok=1
Cmd: compileSnippet
  api=1 type=0 insize=808 outsize=145 kw=NO_MULTIPLY GLOW11_GLOW_GLOWTEX ok=1
Cmd: compileSnippet
  api=4 type=0 insize=808 outsize=1128 kw=GLOW11_MULTIPLY_GLOWCOLOR GLOW11_GLOW_GLOWTEX ok=1
Cmd: compileSnippet
  api=0 type=0 insize=808 outsize=397 kw=GLOW11_MULTIPLY_VERT GLOW11_GLOW_GLOWTEX ok=1
Cmd: compileSnippet
  api=1 type=0 insize=808 outsize=171 kw=GLOW11_MULTIPLY_VERT_ALPHA GLOW11_GLOW_GLOWTEX ok=1
Cmd: compileSnippet
  api=1 type=0 insize=808 outsize=173 kw=GLOW11_MULTIPLY_ILLUMTEX_ALPHA GLOW11_GLOW_GLOWTEX ok=1
Cmd: compileSnippet
  api=4 type=0 insize=808 outsize=1177 kw=GLOW11_MULTIPLY_MAINTEX_ALPHA GLOW11_GLOW_GLOWTEX ok=1
Cmd: compileSnippet
  api=0 type=0 insize=808 outsize=365 kw=NO_MULTIPLY GLOW11_GLOW_ILLUMTEX ok=1
Cmd: compileSnippet
  api=1 type=0 insize=808 outsize=145 kw=GLOW11_MULTIPLY_GLOWCOLOR GLOW11_GLOW_ILLUMTEX ok=1
Cmd: compileSnippet
  api=1 type=0 insize=808 outsize=171 kw=GLOW11_MULTIPLY_VERT GLOW11_GLOW_ILLUMTEX ok=1
Cmd: compileSnippet
  api=4 type=0 insize=808 outsize=1274 kw=GLOW11_MULTIPLY_VERT_ALPHA GLOW11_GLOW_ILLUMTEX ok=1
Cmd: compileSnippet
  api=1 type=0 insize=808 outsize=145 kw=GLOW11_MULTIPLY_ILLUMTEX_ALPHA GLOW11_GLOW_ILLUMTEX ok=1
Cmd: compileSnippet
  api=4 type=0 insize=808 outsize=1177 kw=GLOW11_MULTIPLY_MAINTEX_ALPHA GLOW11_GLOW_ILLUMTEX ok=1
Cmd: compileSnippet
  api=4 type=0 insize=808 outsize=892 kw=GLOW11_GLOW_GLOWCOLOR NO_MULTIPLY ok=1
Cmd: compileSnippet
  api=0 type=0 insize=808 outsize=281 kw=GLOW11_GLOW_GLOWCOLOR GLOW11_MULTIPLY_GLOWCOLOR ok=1
Cmd: compileSnippet
  api=0 type=0 insize=808 outsize=313 kw=GLOW11_GLOW_GLOWCOLOR GLOW11_MULTIPLY_VERT ok=1
Cmd: compileSnippet
  api=0 type=0 insize=808 outsize=313 kw=GLOW11_GLOW_GLOWCOLOR GLOW11_MULTIPLY_VERT_ALPHA ok=1
Cmd: compileSnippet
  api=4 type=0 insize=808 outsize=1128 kw=GLOW11_GLOW_GLOWCOLOR GLOW11_MULTIPLY_ILLUMTEX_ALPHA ok=1
Cmd: compileSnippet
  api=0 type=0 insize=808 outsize=281 kw=GLOW11_GLOW_GLOWCOLOR GLOW11_MULTIPLY_MAINTEX_ALPHA ok=1
Cmd: compileSnippet
  api=4 type=0 insize=808 outsize=1038 kw=NO_MULTIPLY GLOW11_GLOW_VERTEXCOLOR ok=1
Cmd: compileSnippet
  api=0 type=0 insize=808 outsize=313 kw=GLOW11_MULTIPLY_GLOWCOLOR GLOW11_GLOW_VERTEXCOLOR ok=1
Cmd: compileSnippet
  api=1 type=0 insize=808 outsize=126 kw=GLOW11_MULTIPLY_VERT GLOW11_GLOW_VERTEXCOLOR ok=1
Cmd: compileSnippet
  api=4 type=0 insize=808 outsize=1038 kw=GLOW11_MULTIPLY_VERT_ALPHA GLOW11_GLOW_VERTEXCOLOR ok=1
Cmd: compileSnippet
  api=0 type=0 insize=808 outsize=397 kw=GLOW11_MULTIPLY_ILLUMTEX_ALPHA GLOW11_GLOW_VERTEXCOLOR ok=1
Cmd: compileSnippet
  api=0 type=0 insize=808 outsize=313 kw=GLOW11_MULTIPLY_MAINTEX_ALPHA GLOW11_GLOW_VERTEXCOLOR ok=1
Cmd: compileSnippet
  api=0 type=1 insize=808 outsize=197 kw=GLOW11_GLOW_MAINTEX NO_MULTIPLY ok=1
Cmd: compileSnippet
  api=1 type=1 insize=808 outsize=88 kw=GLOW11_MULTIPLY_GLOWCOLOR GLOW11_GLOW_MAINTEX ok=1
Cmd: compileSnippet
  api=4 type=1 insize=808 outsize=852 kw=GLOW11_MULTIPLY_VERT GLOW11_GLOW_MAINTEX ok=1
Cmd: compileSnippet
  api=0 type=1 insize=808 outsize=235 kw=GLOW11_GLOW_MAINTEX GLOW11_MULTIPLY_VERT_ALPHA ok=1
Cmd: compileSnippet
  api=0 type=1 insize=808 outsize=272 kw=GLOW11_GLOW_MAINTEX GLOW11_MULTIPLY_ILLUMTEX_ALPHA ok=1
Cmd: compileSnippet
  api=4 type=1 insize=808 outsize=1030 kw=GLOW11_GLOW_MAINTEX GLOW11_MULTIPLY_ILLUMTEX_ALPHA ok=1
Cmd: compileSnippet
  api=8 type=1 insize=808 outsize=1154 kw=GLOW11_GLOW_MAINTEX GLOW11_MULTIPLY_MAINTEX_ALPHA ok=1
Cmd: compileSnippet
  api=0 type=1 insize=808 outsize=188 kw=GLOW11_MULTIPLY_GLOWCOLOR GLOW11_GLOW_MAINCOLOR ok=1
Cmd: compileSnippet
  api=8 type=1 insize=808 outsize=886 kw=GLOW11_MULTIPLY_GLOWCOLOR GLOW11_GLOW_MAINCOLOR ok=1
Cmd: compileSnippet
  api=1 type=1 insize=808 outsize=76 kw=GLOW11_MULTIPLY_VERT_ALPHA GLOW11_GLOW_MAINCOLOR ok=1
Cmd: compileSnippet
  api=8 type=1 insize=808 outsize=927 kw=GLOW11_MULTIPLY_VERT_ALPHA GLOW11_GLOW_MAINCOLOR ok=1
Cmd: compileSnippet
  api=8 type=1 insize=808 outsize=1187 kw=GLOW11_MULTIPLY_ILLUMTEX_ALPHA GLOW11_GLOW_MAINCOLOR ok=1
Cmd: compileSnippet
  api=1 type=1 insize=808 outsize=101 kw=GLOW11_MULTIPLY_MAINTEX_ALPHA GLOW11_GLOW_MAINCOLOR ok=1
Cmd: compileSnippet
  api=1 type=1 insize=808 outsize=73 kw=NO_MULTIPLY GLOW11_GLOW_GLOWTEX ok=1
Cmd: compileSnippet
  api=8 type=1 insize=808 outsize=1065 kw=NO_MULTIPLY GLOW11_GLOW_GLOWTEX ok=1
Cmd: compileSnippet
  api=0 type=1 insize=808 outsize=233 kw=GLOW11_MULTIPLY_VERT GLOW11_GLOW_GLOWTEX ok=1
Cmd: compileSnippet
  api=1 type=1 insize=808 outsize=102 kw=GLOW11_MULTIPLY_VERT_ALPHA GLOW11_GLOW_GLOWTEX ok=1
Cmd: compileSnippet
  api=1 type=1 insize=808 outsize=127 kw=GLOW11_MULTIPLY_ILLUMTEX_ALPHA GLOW11_GLOW_GLOWTEX ok=1
Cmd: compileSnippet
  api=8 type=1 insize=808 outsize=1447 kw=GLOW11_MULTIPLY_ILLUMTEX_ALPHA GLOW11_GLOW_GLOWTEX ok=1
Cmd: compileSnippet
  api=8 type=1 insize=808 outsize=1447 kw=GLOW11_MULTIPLY_MAINTEX_ALPHA GLOW11_GLOW_GLOWTEX ok=1
Cmd: compileSnippet
  api=1 type=1 insize=808 outsize=88 kw=GLOW11_MULTIPLY_GLOWCOLOR GLOW11_GLOW_ILLUMTEX ok=1
Cmd: compileSnippet
  api=0 type=1 insize=808 outsize=233 kw=GLOW11_MULTIPLY_VERT GLOW11_GLOW_ILLUMTEX ok=1
Cmd: compileSnippet
  api=8 type=1 insize=808 outsize=1203 kw=GLOW11_MULTIPLY_VERT GLOW11_GLOW_ILLUMTEX ok=1
Cmd: compileSnippet
  api=0 type=1 insize=808 outsize=215 kw=GLOW11_MULTIPLY_ILLUMTEX_ALPHA GLOW11_GLOW_ILLUMTEX ok=1
Cmd: compileSnippet
  api=8 type=1 insize=808 outsize=1154 kw=GLOW11_MULTIPLY_ILLUMTEX_ALPHA GLOW11_GLOW_ILLUMTEX ok=1
Cmd: compileSnippet
  api=0 type=1 insize=808 outsize=170 kw=GLOW11_GLOW_GLOWCOLOR NO_MULTIPLY ok=1
Cmd: compileSnippet
  api=8 type=1 insize=808 outsize=772 kw=GLOW11_GLOW_GLOWCOLOR NO_MULTIPLY ok=1
Cmd: compileSnippet
  api=8 type=1 insize=808 outsize=862 kw=GLOW11_GLOW_GLOWCOLOR GLOW11_MULTIPLY_GLOWCOLOR ok=1
Cmd: compileSnippet
  api=0 type=1 insize=808 outsize=208 kw=GLOW11_GLOW_GLOWCOLOR GLOW11_MULTIPLY_VERT_ALPHA ok=1
Cmd: compileSnippet
  api=8 type=1 insize=808 outsize=927 kw=GLOW11_GLOW_GLOWCOLOR GLOW11_MULTIPLY_VERT_ALPHA ok=1
Cmd: compileSnippet
  api=4 type=1 insize=808 outsize=835 kw=GLOW11_GLOW_GLOWCOLOR GLOW11_MULTIPLY_ILLUMTEX_ALPHA ok=1
Cmd: compileSnippet
  api=4 type=1 insize=808 outsize=835 kw=GLOW11_GLOW_GLOWCOLOR GLOW11_MULTIPLY_MAINTEX_ALPHA ok=1
Cmd: compileSnippet
  api=4 type=1 insize=808 outsize=559 kw=NO_MULTIPLY GLOW11_GLOW_VERTEXCOLOR ok=1
Cmd: compileSnippet
  api=8 type=1 insize=808 outsize=788 kw=NO_MULTIPLY GLOW11_GLOW_VERTEXCOLOR ok=1
Cmd: compileSnippet
  api=0 type=1 insize=808 outsize=207 kw=GLOW11_MULTIPLY_VERT GLOW11_GLOW_VERTEXCOLOR ok=1
Cmd: compileSnippet
  api=1 type=1 insize=808 outsize=60 kw=GLOW11_MULTIPLY_VERT_ALPHA GLOW11_GLOW_VERTEXCOLOR ok=1
Cmd: compileSnippet
  api=0 type=1 insize=808 outsize=246 kw=GLOW11_MULTIPLY_ILLUMTEX_ALPHA GLOW11_GLOW_VERTEXCOLOR ok=1
Cmd: compileSnippet
  api=8 type=1 insize=808 outsize=1203 kw=GLOW11_MULTIPLY_ILLUMTEX_ALPHA GLOW11_GLOW_VERTEXCOLOR ok=1
Cmd: compileSnippet
  api=8 type=0 insize=812 outsize=1617 kw=GLOW11_GLOW_MAINTEX NO_MULTIPLY ok=1
Cmd: compileSnippet
  api=1 type=0 insize=812 outsize=145 kw=GLOW11_MULTIPLY_GLOWCOLOR GLOW11_GLOW_MAINTEX ok=1
Cmd: compileSnippet
  api=1 type=0 insize=812 outsize=171 kw=GLOW11_MULTIPLY_VERT GLOW11_GLOW_MAINTEX ok=1
Cmd: compileSnippet
  api=0 type=0 insize=812 outsize=397 kw=GLOW11_GLOW_MAINTEX GLOW11_MULTIPLY_VERT_ALPHA ok=1
Cmd: compileSnippet
  api=1 type=0 insize=812 outsize=173 kw=GLOW11_GLOW_MAINTEX GLOW11_MULTIPLY_ILLUMTEX_ALPHA ok=1
Cmd: compileSnippet
  api=4 type=0 insize=812 outsize=1128 kw=GLOW11_GLOW_MAINTEX GLOW11_MULTIPLY_MAINTEX_ALPHA ok=1
Cmd: compileSnippet
  api=0 type=0 insize=812 outsize=365 kw=NO_MULTIPLY GLOW11_GLOW_MAINCOLOR ok=1
Cmd: compileSnippet
  api=1 type=0 insize=812 outsize=145 kw=GLOW11_MULTIPLY_GLOWCOLOR GLOW11_GLOW_MAINCOLOR ok=1
Cmd: compileSnippet
  api=0 type=0 insize=812 outsize=397 kw=GLOW11_MULTIPLY_VERT GLOW11_GLOW_MAINCOLOR ok=1
Cmd: compileSnippet
  api=8 type=0 insize=812 outsize=1812 kw=GLOW11_MULTIPLY_VERT GLOW11_GLOW_MAINCOLOR ok=1
Cmd: compileSnippet
  api=8 type=0 insize=812 outsize=1812 kw=GLOW11_MULTIPLY_VERT_ALPHA GLOW11_GLOW_MAINCOLOR ok=1
Cmd: compileSnippet
  api=8 type=0 insize=812 outsize=1820 kw=GLOW11_MULTIPLY_ILLUMTEX_ALPHA GLOW11_GLOW_MAINCOLOR ok=1
Cmd: compileSnippet
  api=0 type=0 insize=812 outsize=365 kw=GLOW11_MULTIPLY_MAINTEX_ALPHA GLOW11_GLOW_MAINCOLOR ok=1
Cmd: compileSnippet
  api=0 type=0 insize=812 outsize=432 kw=NO_MULTIPLY GLOW11_GLOW_GLOWTEX ok=1
Cmd: compileSnippet
  api=0 type=0 insize=812 outsize=464 kw=GLOW11_MULTIPLY_VERT GLOW11_GLOW_GLOWTEX ok=1
Cmd: compileSnippet
  api=1 type=0 insize=812 outsize=199 kw=GLOW11_MULTIPLY_VERT_ALPHA GLOW11_GLOW_GLOWTEX ok=1
Cmd: compileSnippet
  api=1 type=0 insize=812 outsize=201 kw=GLOW11_MULTIPLY_ILLUMTEX_ALPHA GLOW11_GLOW_GLOWTEX ok=1
Cmd: compileSnippet
  api=4 type=0 insize=812 outsize=1290 kw=GLOW11_MULTIPLY_MAINTEX_ALPHA GLOW11_GLOW_GLOWTEX ok=1
Cmd: compileSnippet
  api=0 type=0 insize=812 outsize=432 kw=NO_MULTIPLY GLOW11_GLOW_ILLUMTEX ok=1
Cmd: compileSnippet
  api=0 type=0 insize=812 outsize=432 kw=GLOW11_MULTIPLY_GLOWCOLOR GLOW11_GLOW_ILLUMTEX ok=1
Cmd: compileSnippet
  api=4 type=0 insize=812 outsize=1290 kw=GLOW11_MULTIPLY_GLOWCOLOR GLOW11_GLOW_ILLUMTEX ok=1
Cmd: compileSnippet
  api=1 type=0 insize=812 outsize=199 kw=GLOW11_MULTIPLY_VERT GLOW11_GLOW_ILLUMTEX ok=1
Cmd: compileSnippet
  api=4 type=0 insize=812 outsize=1437 kw=GLOW11_MULTIPLY_VERT_ALPHA GLOW11_GLOW_ILLUMTEX ok=1
Cmd: compileSnippet
  api=0 type=0 insize=812 outsize=432 kw=GLOW11_MULTIPLY_ILLUMTEX_ALPHA GLOW11_GLOW_ILLUMTEX ok=1
Cmd: compileSnippet
  api=1 type=0 insize=812 outsize=173 kw=GLOW11_MULTIPLY_MAINTEX_ALPHA GLOW11_GLOW_ILLUMTEX ok=1
Cmd: compileSnippet
  api=1 type=0 insize=812 outsize=145 kw=GLOW11_GLOW_GLOWCOLOR NO_MULTIPLY ok=1
Cmd: compileSnippet
  api=8 type=0 insize=812 outsize=1617 kw=GLOW11_GLOW_GLOWCOLOR GLOW11_MULTIPLY_GLOWCOLOR ok=1
Cmd: compileSnippet
  api=1 type=0 insize=812 outsize=171 kw=GLOW11_GLOW_GLOWCOLOR GLOW11_MULTIPLY_VERT ok=1
Cmd: compileSnippet
  api=8 type=0 insize=812 outsize=1812 kw=GLOW11_GLOW_GLOWCOLOR GLOW11_MULTIPLY_VERT_ALPHA ok=1
Cmd: compileSnippet
  api=1 type=0 insize=812 outsize=173 kw=GLOW11_GLOW_GLOWCOLOR GLOW11_MULTIPLY_ILLUMTEX_ALPHA ok=1
Cmd: compileSnippet
  api=4 type=0 insize=812 outsize=1128 kw=GLOW11_GLOW_GLOWCOLOR GLOW11_MULTIPLY_MAINTEX_ALPHA ok=1
Cmd: compileSnippet
  api=8 type=0 insize=812 outsize=1617 kw=GLOW11_GLOW_GLOWCOLOR GLOW11_MULTIPLY_MAINTEX_ALPHA ok=1
Cmd: compileSnippet
  api=8 type=0 insize=812 outsize=1812 kw=NO_MULTIPLY GLOW11_GLOW_VERTEXCOLOR ok=1
Cmd: compileSnippet
  api=1 type=0 insize=812 outsize=171 kw=GLOW11_MULTIPLY_VERT GLOW11_GLOW_VERTEXCOLOR ok=1
Cmd: compileSnippet
  api=8 type=0 insize=812 outsize=1812 kw=GLOW11_MULTIPLY_VERT_ALPHA GLOW11_GLOW_VERTEXCOLOR ok=1
Cmd: compileSnippet
  api=4 type=0 insize=812 outsize=1437 kw=GLOW11_MULTIPLY_ILLUMTEX_ALPHA GLOW11_GLOW_VERTEXCOLOR ok=1
Cmd: compileSnippet
  api=0 type=0 insize=812 outsize=397 kw=GLOW11_MULTIPLY_MAINTEX_ALPHA GLOW11_GLOW_VERTEXCOLOR ok=1
Cmd: compileSnippet
  api=8 type=1 insize=812 outsize=1105 kw=GLOW11_GLOW_MAINTEX NO_MULTIPLY ok=1
Cmd: compileSnippet
  api=4 type=1 insize=812 outsize=876 kw=GLOW11_MULTIPLY_GLOWCOLOR GLOW11_GLOW_MAINTEX ok=1
Cmd: compileSnippet
  api=4 type=1 insize=812 outsize=892 kw=GLOW11_MULTIPLY_VERT GLOW11_GLOW_MAINTEX ok=1
Cmd: compileSnippet
  api=4 type=1 insize=812 outsize=892 kw=GLOW11_GLOW_MAINTEX GLOW11_MULTIPLY_VERT_ALPHA ok=1
Cmd: compileSnippet
  api=8 type=1 insize=812 outsize=1487 kw=GLOW11_GLOW_MAINTEX GLOW11_MULTIPLY_ILLUMTEX_ALPHA ok=1
Cmd: compileSnippet
  api=0 type=1 insize=812 outsize=232 kw=NO_MULTIPLY GLOW11_GLOW_MAINCOLOR ok=1
Cmd: compileSnippet
  api=0 type=1 insize=812 outsize=254 kw=GLOW11_MULTIPLY_GLOWCOLOR GLOW11_GLOW_MAINCOLOR ok=1
Cmd: compileSnippet
  api=8 type=1 insize=812 outsize=1235 kw=GLOW11_MULTIPLY_GLOWCOLOR GLOW11_GLOW_MAINCOLOR ok=1
Cmd: compileSnippet
  api=8 type=1 insize=812 outsize=1276 kw=GLOW11_MULTIPLY_VERT GLOW11_GLOW_MAINCOLOR ok=1
Cmd: compileSnippet
  api=8 type=1 insize=812 outsize=1276 kw=GLOW11_MULTIPLY_VERT_ALPHA GLOW11_GLOW_MAINCOLOR ok=1
Cmd: compileSnippet
  api=8 type=1 insize=812 outsize=1520 kw=GLOW11_MULTIPLY_ILLUMTEX_ALPHA GLOW11_GLOW_MAINCOLOR ok=1
Cmd: compileSnippet
  api=8 type=1 insize=812 outsize=1227 kw=GLOW11_MULTIPLY_MAINTEX_ALPHA GLOW11_GLOW_MAINCOLOR ok=1
Cmd: compileSnippet
  api=4 type=1 insize=812 outsize=1079 kw=GLOW11_MULTIPLY_GLOWCOLOR GLOW11_GLOW_GLOWTEX ok=1
Cmd: compileSnippet
  api=8 type=1 insize=812 outsize=1495 kw=GLOW11_MULTIPLY_GLOWCOLOR GLOW11_GLOW_GLOWTEX ok=1
Cmd: compileSnippet
  api=4 type=1 insize=812 outsize=1095 kw=GLOW11_MULTIPLY_VERT_ALPHA GLOW11_GLOW_GLOWTEX ok=1
Cmd: compileSnippet
  api=1 type=1 insize=812 outsize=172 kw=GLOW11_MULTIPLY_ILLUMTEX_ALPHA GLOW11_GLOW_GLOWTEX ok=1
Cmd: compileSnippet
  api=1 type=1 insize=812 outsize=135 kw=GLOW11_MULTIPLY_MAINTEX_ALPHA GLOW11_GLOW_GLOWTEX ok=1
Cmd: compileSnippet
  api=8 type=1 insize=812 outsize=1487 kw=GLOW11_MULTIPLY_MAINTEX_ALPHA GLOW11_GLOW_GLOWTEX ok=1
Cmd: compileSnippet
  api=1 type=1 insize=812 outsize=133 kw=GLOW11_MULTIPLY_GLOWCOLOR GLOW11_GLOW_ILLUMTEX ok=1
Cmd: compileSnippet
  api=8 type=1 insize=812 outsize=1495 kw=GLOW11_MULTIPLY_GLOWCOLOR GLOW11_GLOW_ILLUMTEX ok=1
Cmd: compileSnippet
  api=1 type=1 insize=812 outsize=147 kw=GLOW11_MULTIPLY_VERT_ALPHA GLOW11_GLOW_ILLUMTEX ok=1
Cmd: compileSnippet
  api=0 type=1 insize=812 outsize=277 kw=GLOW11_MULTIPLY_ILLUMTEX_ALPHA GLOW11_GLOW_ILLUMTEX ok=1
Cmd: compileSnippet
  api=8 type=1 insize=812 outsize=1487 kw=GLOW11_MULTIPLY_ILLUMTEX_ALPHA GLOW11_GLOW_ILLUMTEX ok=1
Cmd: compileSnippet
  api=1 type=1 insize=812 outsize=92 kw=GLOW11_GLOW_GLOWCOLOR NO_MULTIPLY ok=1
Cmd: compileSnippet
  api=0 type=1 insize=812 outsize=254 kw=GLOW11_GLOW_GLOWCOLOR GLOW11_MULTIPLY_GLOWCOLOR ok=1
Cmd: compileSnippet
  api=1 type=1 insize=812 outsize=122 kw=GLOW11_GLOW_GLOWCOLOR GLOW11_MULTIPLY_VERT ok=1
Cmd: compileSnippet
  api=4 type=1 insize=812 outsize=900 kw=GLOW11_GLOW_GLOWCOLOR GLOW11_MULTIPLY_VERT_ALPHA ok=1
Cmd: compileSnippet
  api=4 type=1 insize=812 outsize=1079 kw=GLOW11_GLOW_GLOWCOLOR GLOW11_MULTIPLY_ILLUMTEX_ALPHA ok=1
Cmd: compileSnippet
  api=4 type=1 insize=812 outsize=876 kw=GLOW11_GLOW_GLOWCOLOR GLOW11_MULTIPLY_MAINTEX_ALPHA ok=1
Cmd: compileSnippet
  api=4 type=1 insize=812 outsize=835 kw=NO_MULTIPLY GLOW11_GLOW_VERTEXCOLOR ok=1
Cmd: compileSnippet
  api=1 type=1 insize=812 outsize=107 kw=GLOW11_MULTIPLY_GLOWCOLOR GLOW11_GLOW_VERTEXCOLOR ok=1
Cmd: compileSnippet
  api=0 type=1 insize=812 outsize=273 kw=GLOW11_MULTIPLY_VERT GLOW11_GLOW_VERTEXCOLOR ok=1
Cmd: compileSnippet
  api=1 type=1 insize=812 outsize=105 kw=GLOW11_MULTIPLY_VERT_ALPHA GLOW11_GLOW_VERTEXCOLOR ok=1
Cmd: compileSnippet
  api=4 type=1 insize=812 outsize=1095 kw=GLOW11_MULTIPLY_ILLUMTEX_ALPHA GLOW11_GLOW_VERTEXCOLOR ok=1
Cmd: compileSnippet
  api=4 type=1 insize=812 outsize=892 kw=GLOW11_MULTIPLY_MAINTEX_ALPHA GLOW11_GLOW_VERTEXCOLOR ok=1
Cmd: compileSnippet
  api=0 type=0 insize=848 outsize=365 kw=GLOW11_GLOW_MAINTEX NO_MULTIPLY ok=1
Cmd: compileSnippet
  api=1 type=0 insize=848 outsize=145 kw=GLOW11_MULTIPLY_GLOWCOLOR GLOW11_GLOW_MAINTEX ok=1
Cmd: compileSnippet
  api=4 type=0 insize=848 outsize=1274 kw=GLOW11_MULTIPLY_VERT GLOW11_GLOW_MAINTEX ok=1
Cmd: compileSnippet
  api=0 type=0 insize=848 outsize=397 kw=GLOW11_GLOW_MAINTEX GLOW11_MULTIPLY_VERT_ALPHA ok=1
Cmd: compileSnippet
  api=4 type=0 insize=848 outsize=1290 kw=GLOW11_GLOW_MAINTEX GLOW11_MULTIPLY_ILLUMTEX_ALPHA ok=1
Cmd: compileSnippet
  api=0 type=0 insize=848 outsize=365 kw=GLOW11_GLOW_MAINTEX GLOW11_MULTIPLY_MAINTEX_ALPHA ok=1
Cmd: compileSnippet
  api=8 type=0 insize=848 outsize=1617 kw=GLOW11_GLOW_MAINTEX GLOW11_MULTIPLY_MAINTEX_ALPHA ok=1
Cmd: compileSnippet
  api=8 type=0 insize=848 outsize=1617 kw=NO_MULTIPLY GLOW11_GLOW_MAINCOLOR ok=1
Cmd: compileSnippet
  api=8 type=0 insize=848 outsize=1617 kw=GLOW11_MULTIPLY_GLOWCOLOR GLOW11_GLOW_MAINCOLOR ok=1
Cmd: compileSnippet
  api=4 type=0 insize=848 outsize=1274 kw=GLOW11_MULTIPLY_VERT GLOW11_GLOW_MAINCOLOR ok=1
Cmd: compileSnippet
  api=0 type=0 insize=848 outsize=397 kw=GLOW11_MULTIPLY_VERT_ALPHA GLOW11_GLOW_MAINCOLOR ok=1
Cmd: compileSnippet
  api=1 type=0 insize=848 outsize=173 kw=GLOW11_MULTIPLY_ILLUMTEX_ALPHA GLOW11_GLOW_MAINCOLOR ok=1
Cmd: compileSnippet
  api=4 type=0 insize=848 outsize=1128 kw=GLOW11_MULTIPLY_MAINTEX_ALPHA GLOW11_GLOW_MAINCOLOR ok=1
Cmd: compileSnippet
  api=0 type=0 insize=848 outsize=432 kw=NO_MULTIPLY GLOW11_GLOW_GLOWTEX ok=1
Cmd: compileSnippet
  api=1 type=0 insize=848 outsize=173 kw=GLOW11_MULTIPLY_GLOWCOLOR GLOW11_GLOW_GLOWTEX ok=1
Cmd: compileSnippet
  api=1 type=0 insize=848 outsize=199 kw=GLOW11_MULTIPLY_VERT GLOW11_GLOW_GLOWTEX ok=1
Cmd: compileSnippet
  api=4 type=0 insize=848 outsize=1437 kw=GLOW11_MULTIPLY_VERT_ALPHA GLOW11_GLOW_GLOWTEX ok=1
Cmd: compileSnippet
  api=0 type=0 insize=848 outsize=496 kw=GLOW11_MULTIPLY_ILLUMTEX_ALPHA GLOW11_GLOW_GLOWTEX ok=1
Cmd: compileSnippet
  api=4 type=0 insize=848 outsize=1290 kw=GLOW11_MULTIPLY_MAINTEX_ALPHA GLOW11_GLOW_GLOWTEX ok=1
Cmd: compileSnippet
  api=0 type=0 insize=848 outsize=432 kw=NO_MULTIPLY GLOW11_GLOW_ILLUMTEX ok=1
Cmd: compileSnippet
  api=1 type=0 insize=848 outsize=173 kw=GLOW11_MULTIPLY_GLOWCOLOR GLOW11_GLOW_ILLUMTEX ok=1
Cmd: compileSnippet
  api=1 type=0 insize=848 outsize=199 kw=GLOW11_MULTIPLY_VERT GLOW11_GLOW_ILLUMTEX ok=1
Cmd: compileSnippet
  api=8 type=0 insize=848 outsize=2015 kw=GLOW11_MULTIPLY_VERT_ALPHA GLOW11_GLOW_ILLUMTEX ok=1
Cmd: compileSnippet
  api=8 type=0 insize=848 outsize=1820 kw=GLOW11_MULTIPLY_ILLUMTEX_ALPHA GLOW11_GLOW_ILLUMTEX ok=1
Cmd: compileSnippet
  api=8 type=0 insize=848 outsize=1820 kw=GLOW11_MULTIPLY_MAINTEX_ALPHA GLOW11_GLOW_ILLUMTEX ok=1
Cmd: compileSnippet
  api=4 type=0 insize=848 outsize=1128 kw=GLOW11_GLOW_GLOWCOLOR NO_MULTIPLY ok=1
Cmd: compileSnippet
  api=0 type=0 insize=848 outsize=365 kw=GLOW11_GLOW_GLOWCOLOR GLOW11_MULTIPLY_GLOWCOLOR ok=1
Cmd: compileSnippet
  api=4 type=0 insize=848 outsize=1274 kw=GLOW11_GLOW_GLOWCOLOR GLOW11_MULTIPLY_VERT ok=1
Cmd: compileSnippet
  api=0 type=0 insize=848 outsize=397 kw=GLOW11_GLOW_GLOWCOLOR GLOW11_MULTIPLY_VERT_ALPHA ok=1
Cmd: compileSnippet
  api=1 type=0 insize=848 outsize=173 kw=GLOW11_GLOW_GLOWCOLOR GLOW11_MULTIPLY_ILLUMTEX_ALPHA ok=1
Cmd: compileSnippet
  api=4 type=0 insize=848 outsize=1128 kw=GLOW11_GLOW_GLOWCOLOR GLOW11_MULTIPLY_MAINTEX_ALPHA ok=1
Cmd: compileSnippet
  api=0 type=0 insize=848 outsize=397 kw=NO_MULTIPLY GLOW11_GLOW_VERTEXCOLOR ok=1
Cmd: compileSnippet
  api=0 type=0 insize=848 outsize=397 kw=GLOW11_MULTIPLY_GLOWCOLOR GLOW11_GLOW_VERTEXCOLOR ok=1
Cmd: compileSnippet
  api=1 type=0 insize=848 outsize=171 kw=GLOW11_MULTIPLY_GLOWCOLOR GLOW11_GLOW_VERTEXCOLOR ok=1
Cmd: compileSnippet
  api=4 type=0 insize=848 outsize=1274 kw=GLOW11_MULTIPLY_VERT GLOW11_GLOW_VERTEXCOLOR ok=1
Cmd: compileSnippet
  api=8 type=0 insize=848 outsize=1812 kw=GLOW11_MULTIPLY_VERT GLOW11_GLOW_VERTEXCOLOR ok=1
Cmd: compileSnippet
  api=4 type=0 insize=848 outsize=1274 kw=GLOW11_MULTIPLY_VERT_ALPHA GLOW11_GLOW_VERTEXCOLOR ok=1
Cmd: compileSnippet
  api=4 type=0 insize=848 outsize=1437 kw=GLOW11_MULTIPLY_ILLUMTEX_ALPHA GLOW11_GLOW_VERTEXCOLOR ok=1
Cmd: compileSnippet
  api=1 type=0 insize=848 outsize=171 kw=GLOW11_MULTIPLY_MAINTEX_ALPHA GLOW11_GLOW_VERTEXCOLOR ok=1
Cmd: compileSnippet
  api=8 type=1 insize=848 outsize=1105 kw=GLOW11_GLOW_MAINTEX NO_MULTIPLY ok=1
Cmd: compileSnippet
  api=1 type=1 insize=848 outsize=107 kw=GLOW11_MULTIPLY_VERT GLOW11_GLOW_MAINTEX ok=1
Cmd: compileSnippet
  api=1 type=1 insize=848 outsize=110 kw=GLOW11_GLOW_MAINTEX GLOW11_MULTIPLY_VERT_ALPHA ok=1
Cmd: compileSnippet
  api=1 type=1 insize=848 outsize=148 kw=GLOW11_GLOW_MAINTEX GLOW11_MULTIPLY_ILLUMTEX_ALPHA ok=1
Cmd: compileSnippet
  api=1 type=1 insize=848 outsize=94 kw=GLOW11_GLOW_MAINTEX GLOW11_MULTIPLY_MAINTEX_ALPHA ok=1
Cmd: compileSnippet
  api=0 type=1 insize=848 outsize=232 kw=NO_MULTIPLY GLOW11_GLOW_MAINCOLOR ok=1
Cmd: compileSnippet
  api=1 type=1 insize=848 outsize=111 kw=GLOW11_MULTIPLY_GLOWCOLOR GLOW11_GLOW_MAINCOLOR ok=1
Cmd: compileSnippet
  api=0 type=1 insize=848 outsize=272 kw=GLOW11_MULTIPLY_VERT GLOW11_GLOW_MAINCOLOR ok=1
Cmd: compileSnippet
  api=0 type=1 insize=848 outsize=274 kw=GLOW11_MULTIPLY_VERT_ALPHA GLOW11_GLOW_MAINCOLOR ok=1
Cmd: compileSnippet
  api=1 type=1 insize=848 outsize=150 kw=GLOW11_MULTIPLY_ILLUMTEX_ALPHA GLOW11_GLOW_MAINCOLOR ok=1
Cmd: compileSnippet
  api=1 type=1 insize=848 outsize=113 kw=GLOW11_MULTIPLY_MAINTEX_ALPHA GLOW11_GLOW_MAINCOLOR ok=1
Cmd: compileSnippet
  api=0 type=1 insize=848 outsize=263 kw=NO_MULTIPLY GLOW11_GLOW_GLOWTEX ok=1
Cmd: compileSnippet
  api=0 type=1 insize=848 outsize=288 kw=GLOW11_MULTIPLY_GLOWCOLOR GLOW11_GLOW_GLOWTEX ok=1
Cmd: compileSnippet
  api=1 type=1 insize=848 outsize=144 kw=GLOW11_MULTIPLY_VERT GLOW11_GLOW_GLOWTEX ok=1
Cmd: compileSnippet
  api=1 type=1 insize=848 outsize=147 kw=GLOW11_MULTIPLY_VERT_ALPHA GLOW11_GLOW_GLOWTEX ok=1
Cmd: compileSnippet
  api=1 type=1 insize=848 outsize=172 kw=GLOW11_MULTIPLY_ILLUMTEX_ALPHA GLOW11_GLOW_GLOWTEX ok=1
Cmd: compileSnippet
  api=1 type=1 insize=848 outsize=135 kw=GLOW11_MULTIPLY_MAINTEX_ALPHA GLOW11_GLOW_GLOWTEX ok=1
Cmd: compileSnippet
  api=0 type=1 insize=848 outsize=263 kw=NO_MULTIPLY GLOW11_GLOW_ILLUMTEX ok=1
Cmd: compileSnippet
  api=8 type=1 insize=848 outsize=1398 kw=NO_MULTIPLY GLOW11_GLOW_ILLUMTEX ok=1
Cmd: compileSnippet
  api=8 type=1 insize=848 outsize=1495 kw=GLOW11_MULTIPLY_GLOWCOLOR GLOW11_GLOW_ILLUMTEX ok=1
Cmd: compileSnippet
  api=1 type=1 insize=848 outsize=147 kw=GLOW11_MULTIPLY_VERT_ALPHA GLOW11_GLOW_ILLUMTEX ok=1
Cmd: compileSnippet
  api=0 type=1 insize=848 outsize=277 kw=GLOW11_MULTIPLY_ILLUMTEX_ALPHA GLOW11_GLOW_ILLUMTEX ok=1
Cmd: compileSnippet
  api=0 type=1 insize=848 outsize=287 kw=GLOW11_MULTIPLY_MAINTEX_ALPHA GLOW11_GLOW_ILLUMTEX ok=1
Cmd: compileSnippet
  api=0 type=1 insize=848 outsize=232 kw=GLOW11_GLOW_GLOWCOLOR NO_MULTIPLY ok=1
Cmd: compileSnippet
  api=1 type=1 insize=848 outsize=111 kw=GLOW11_GLOW_GLOWCOLOR GLOW11_MULTIPLY_GLOWCOLOR ok=1
Cmd: compileSnippet
  api=1 type=1 insize=848 outsize=122 kw=GLOW11_GLOW_GLOWCOLOR GLOW11_MULTIPLY_VERT ok=1
Cmd: compileSnippet
  api=0 type=1 insize=848 outsize=274 kw=GLOW11_GLOW_GLOWCOLOR GLOW11_MULTIPLY_VERT_ALPHA ok=1
Cmd: compileSnippet
  api=0 type=1 insize=848 outsize=302 kw=GLOW11_GLOW_GLOWCOLOR GLOW11_MULTIPLY_ILLUMTEX_ALPHA ok=1
Cmd: compileSnippet
  api=0 type=1 insize=848 outsize=256 kw=GLOW11_GLOW_GLOWCOLOR GLOW11_MULTIPLY_MAINTEX_ALPHA ok=1
Cmd: compileSnippet
  api=8 type=1 insize=848 outsize=1227 kw=GLOW11_GLOW_GLOWCOLOR GLOW11_MULTIPLY_MAINTEX_ALPHA ok=1
Cmd: compileSnippet
  api=4 type=1 insize=848 outsize=900 kw=GLOW11_MULTIPLY_GLOWCOLOR GLOW11_GLOW_VERTEXCOLOR ok=1
Cmd: compileSnippet
  api=4 type=1 insize=848 outsize=892 kw=GLOW11_MULTIPLY_VERT GLOW11_GLOW_VERTEXCOLOR ok=1
Cmd: compileSnippet
  api=1 type=1 insize=848 outsize=105 kw=GLOW11_MULTIPLY_VERT_ALPHA GLOW11_GLOW_VERTEXCOLOR ok=1
Cmd: compileSnippet
  api=0 type=1 insize=848 outsize=303 kw=GLOW11_MULTIPLY_ILLUMTEX_ALPHA GLOW11_GLOW_VERTEXCOLOR ok=1
Cmd: compileSnippet
  api=8 type=1 insize=848 outsize=1536 kw=GLOW11_MULTIPLY_ILLUMTEX_ALPHA GLOW11_GLOW_VERTEXCOLOR ok=1
Cmd: compileSnippet
  api=1 type=0 insize=479 outsize=156 kw= ok=1
Cmd: compileSnippet
  api=1 type=0 insize=479 outsize=156 kw= ok=1
Cmd: compileSnippet
  api=1 type=0 insize=480 outsize=156 kw= ok=1
Cmd: compileSnippet
  api=1 type=0 insize=480 outsize=156 kw= ok=1
Cmd: compileSnippet
  api=1 type=0 insize=480 outsize=156 kw= ok=1
Cmd: compileSnippet
  api=1 type=0 insize=481 outsize=156 kw= ok=1
Cmd: compileSnippet
  api=1 type=0 insize=481 outsize=156 kw= ok=1
Cmd: compileSnippet
  api=0 type=1 insize=481 outsize=1719 kw= ok=1
Cmd: compileSnippet
  api=1 type=1 insize=481 outsize=1214 kw= ok=1
Cmd: compileSnippet
  api=1 type=1 insize=481 outsize=1403 kw= ok=1
Cmd: compileSnippet
  api=1 type=1 insize=481 outsize=1596 kw= ok=1
Cmd: compileSnippet
  api=1 type=1 insize=481 outsize=1596 kw= ok=1
Cmd: compileSnippet
  api=1 type=0 insize=481 outsize=156 kw= ok=1
Cmd: compileSnippet
  api=1 type=1 insize=481 outsize=1789 kw= ok=1
Cmd: compileSnippet
  api=1 type=1 insize=482 outsize=1982 kw= ok=1
Cmd: compileSnippet
  api=1 type=1 insize=482 outsize=1982 kw= ok=1
Cmd: compileSnippet
  api=1 type=1 insize=482 outsize=2175 kw= ok=1
Cmd: compileSnippet
  api=1 type=1 insize=482 outsize=2175 kw= ok=1
Cmd: compileSnippet
  api=1 type=1 insize=482 outsize=2368 kw= ok=1
Cmd: compileSnippet
  api=1 type=1 insize=482 outsize=2368 kw= ok=1
Cmd: compileSnippet
  api=1 type=1 insize=482 outsize=2561 kw= ok=1
Cmd: compileSnippet
  api=1 type=1 insize=482 outsize=2754 kw= ok=1
Cmd: compileSnippet
  api=1 type=1 insize=482 outsize=2754 kw= ok=1
Cmd: compileSnippet
  api=1 type=0 insize=481 outsize=132 kw= ok=1
Cmd: compileSnippet
  api=1 type=0 insize=481 outsize=132 kw= ok=1
Cmd: compileSnippet
  api=1 type=0 insize=481 outsize=132 kw= ok=1
Cmd: compileSnippet
  api=1 type=1 insize=481 outsize=844 kw= ok=1
Cmd: compileSnippet
  api=1 type=1 insize=481 outsize=1036 kw= ok=1
Cmd: compileSnippet
  api=0 type=1 insize=481 outsize=1574 kw= ok=1
Cmd: compileSnippet
  api=1 type=0 insize=482 outsize=132 kw= ok=1
Cmd: compileSnippet
  api=1 type=1 insize=952 outsize=76 kw= ok=1
Cmd: compileSnippet
  api=8 type=0 insize=952 outsize=1438 kw= ok=1
Cmd: compileSnippet
  api=1 type=0 insize=916 outsize=132 kw= ok=1
Cmd: compileSnippet
  api=1 type=1 insize=916 outsize=76 kw= ok=1
Cmd: compileSnippet
  api=1 type=0 insize=973 outsize=132 kw= ok=1
Unhandled exception: Readfile from pipe failed. GLE=管道已结束。


Quitting shader compiler process
