Base path: D:/Unity 3D/Data
Pipe name: \\.\pipe\UnityShaderCompiler-3-6352
Cmd: getPlatforms
Cmd: compileSnippet
  api=1 type=0 insize=4486 outsize=621 kw=DIRECTIONAL SHADOWS_OFF LIGHTMAP_OFF DIRLIGHTMAP_OFF ok=1
Cmd: compileSnippet
  api=8 type=0 insize=4486 outsize=2243 kw=DIRECTIONAL SHADOWS_OFF LIGHTMAP_ON DIRLIGHTMAP_OFF ok=1
Cmd: compileSnippet
  api=1 type=0 insize=4486 outsize=216 kw=DIRECTIONAL SHADOWS_OFF LIGHTMAP_ON DIRLIGHTMAP_ON ok=1
Cmd: compileSnippet
  api=8 type=0 insize=4486 outsize=2243 kw=DIRECTIONAL SHADOWS_OFF LIGHTMAP_ON DIRLIGHTMAP_ON ok=1
Cmd: compileSnippet
  api=4 type=0 insize=4486 outsize=3143 kw=DIRECTIONAL SHADOWS_SCREEN LIGHTMAP_OFF DIRLIGHTMAP_OFF ok=1
Cmd: compileSnippet
  api=1 type=0 insize=4486 outsize=345 kw=DIRECTIONAL SHADOWS_SCREEN LIGHTMAP_ON DIRLIGHTMAP_OFF ok=1
Cmd: compileSnippet
  api=0 type=0 insize=4486 outsize=572 kw=DIRECTIONAL SHADOWS_SCREEN LIGHTMAP_ON DIRLIGHTMAP_ON ok=1
Cmd: compileSnippet
  api=0 type=0 insize=4486 outsize=1598 kw=DIRECTIONAL SHADOWS_OFF LIGHTMAP_OFF DIRLIGHTMAP_OFF VERTEXLIGHT_ON ok=1
Cmd: compileSnippet
  api=1 type=1 insize=4486 outsize=321 kw=DIRECTIONAL SHADOWS_OFF LIGHTMAP_OFF DIRLIGHTMAP_OFF ok=1
Cmd: compileSnippet
  api=1 type=1 insize=4486 outsize=243 kw=DIRECTIONAL SHADOWS_OFF LIGHTMAP_ON DIRLIGHTMAP_ON ok=1
Cmd: compileSnippet
  api=4 type=1 insize=4486 outsize=1705 kw=DIRECTIONAL SHADOWS_SCREEN LIGHTMAP_OFF DIRLIGHTMAP_OFF ok=1
Cmd: compileSnippet
  api=4 type=1 insize=4486 outsize=1770 kw=DIRECTIONAL SHADOWS_SCREEN LIGHTMAP_ON DIRLIGHTMAP_OFF ok=1
Cmd: compileSnippet
  api=1 type=1 insize=4486 outsize=403 kw=DIRECTIONAL SHADOWS_SCREEN LIGHTMAP_ON DIRLIGHTMAP_ON ok=1
Cmd: compileSnippet
  api=8 type=1 insize=4486 outsize=2641 kw=DIRECTIONAL SHADOWS_SCREEN LIGHTMAP_ON DIRLIGHTMAP_ON ok=1
Cmd: compileSnippet
  api=0 type=0 insize=2341 outsize=560 kw=DIRECTIONAL ok=1
Cmd: compileSnippet
  api=4 type=0 insize=2341 outsize=2875 kw=SPOT ok=1
Cmd: compileSnippet
  api=1 type=0 insize=2341 outsize=383 kw=POINT_COOKIE ok=1
Cmd: compileSnippet
  api=1 type=0 insize=2341 outsize=359 kw=DIRECTIONAL_COOKIE ok=1
Cmd: compileSnippet
  api=1 type=1 insize=2341 outsize=421 kw=POINT ok=1
Cmd: compileSnippet
  api=1 type=1 insize=2341 outsize=575 kw=SPOT ok=1
Cmd: compileSnippet
  api=8 type=1 insize=2341 outsize=3112 kw=SPOT ok=1
Cmd: compileSnippet
  api=1 type=1 insize=2341 outsize=345 kw=DIRECTIONAL_COOKIE ok=1
Cmd: compileSnippet
  api=1 type=1 insize=1869 outsize=118 kw= ok=1
Cmd: compileSnippet
  api=1 type=0 insize=4178 outsize=665 kw=LIGHTMAP_OFF DIRLIGHTMAP_OFF HDR_LIGHT_PREPASS_OFF ok=1
Cmd: compileSnippet
  api=4 type=0 insize=4178 outsize=3029 kw=LIGHTMAP_ON DIRLIGHTMAP_OFF HDR_LIGHT_PREPASS_OFF ok=1
Cmd: compileSnippet
  api=8 type=0 insize=4178 outsize=4372 kw=LIGHTMAP_ON DIRLIGHTMAP_OFF HDR_LIGHT_PREPASS_OFF ok=1
Cmd: compileSnippet
  api=0 type=0 insize=4178 outsize=937 kw=LIGHTMAP_OFF DIRLIGHTMAP_OFF HDR_LIGHT_PREPASS_ON ok=1
Cmd: compileSnippet
  api=0 type=0 insize=4178 outsize=887 kw=LIGHTMAP_ON DIRLIGHTMAP_OFF HDR_LIGHT_PREPASS_ON ok=1
Cmd: compileSnippet
  api=4 type=0 insize=4178 outsize=2030 kw=LIGHTMAP_ON DIRLIGHTMAP_ON HDR_LIGHT_PREPASS_ON ok=1
Cmd: compileSnippet
  api=8 type=0 insize=4178 outsize=2860 kw=LIGHTMAP_ON DIRLIGHTMAP_ON HDR_LIGHT_PREPASS_ON ok=1
Cmd: compileSnippet
  api=0 type=1 insize=4178 outsize=374 kw=LIGHTMAP_OFF DIRLIGHTMAP_OFF HDR_LIGHT_PREPASS_OFF ok=1
Cmd: compileSnippet
  api=1 type=1 insize=4178 outsize=546 kw=LIGHTMAP_ON DIRLIGHTMAP_OFF HDR_LIGHT_PREPASS_OFF ok=1
Cmd: compileSnippet
  api=1 type=1 insize=4178 outsize=337 kw=LIGHTMAP_ON DIRLIGHTMAP_ON HDR_LIGHT_PREPASS_OFF ok=1
Cmd: compileSnippet
  api=4 type=1 insize=4178 outsize=1550 kw=LIGHTMAP_ON DIRLIGHTMAP_ON HDR_LIGHT_PREPASS_OFF ok=1
Cmd: compileSnippet
  api=4 type=1 insize=4178 outsize=1298 kw=LIGHTMAP_OFF DIRLIGHTMAP_OFF HDR_LIGHT_PREPASS_ON ok=1
Cmd: compileSnippet
  api=4 type=1 insize=4178 outsize=2143 kw=LIGHTMAP_ON DIRLIGHTMAP_OFF HDR_LIGHT_PREPASS_ON ok=1
Cmd: compileSnippet
  api=8 type=1 insize=4178 outsize=2218 kw=LIGHTMAP_ON DIRLIGHTMAP_ON HDR_LIGHT_PREPASS_ON ok=1
Cmd: compileSnippet
  api=1 type=0 insize=1124 outsize=402 kw= ok=1
Cmd: compileSnippet
  api=1 type=1 insize=1124 outsize=137 kw= ok=1
Cmd: compileSnippet
  api=1 type=0 insize=6463 outsize=1385 kw=DIRECTIONAL SHADOWS_OFF LIGHTMAP_OFF DIRLIGHTMAP_OFF ok=1
Cmd: compileSnippet
  api=4 type=0 insize=6463 outsize=4207 kw=DIRECTIONAL SHADOWS_OFF LIGHTMAP_ON DIRLIGHTMAP_ON ok=1
Cmd: compileSnippet
  api=0 type=0 insize=6463 outsize=1499 kw=DIRECTIONAL SHADOWS_SCREEN LIGHTMAP_ON DIRLIGHTMAP_OFF ok=1
Cmd: compileSnippet
  api=0 type=0 insize=6463 outsize=1499 kw=DIRECTIONAL SHADOWS_SCREEN LIGHTMAP_ON DIRLIGHTMAP_ON ok=1
Cmd: compileSnippet
  api=0 type=0 insize=6463 outsize=2715 kw=DIRECTIONAL SHADOWS_SCREEN LIGHTMAP_OFF DIRLIGHTMAP_OFF VERTEXLIGHT_ON ok=1
Cmd: compileSnippet
  api=1 type=1 insize=6463 outsize=1505 kw=DIRECTIONAL SHADOWS_OFF LIGHTMAP_OFF DIRLIGHTMAP_OFF ok=1
Cmd: compileSnippet
  api=1 type=1 insize=6463 outsize=1599 kw=DIRECTIONAL SHADOWS_SCREEN LIGHTMAP_OFF DIRLIGHTMAP_OFF ok=1
Cmd: compileSnippet
  api=1 type=1 insize=6463 outsize=1248 kw=DIRECTIONAL SHADOWS_SCREEN LIGHTMAP_ON DIRLIGHTMAP_OFF ok=1
Cmd: compileSnippet
  api=4 type=1 insize=6463 outsize=3858 kw=DIRECTIONAL SHADOWS_SCREEN LIGHTMAP_ON DIRLIGHTMAP_OFF ok=1
Cmd: compileSnippet
  api=1 type=0 insize=3306 outsize=880 kw=POINT ok=1
Cmd: compileSnippet
  api=0 type=0 insize=3306 outsize=1426 kw=SPOT ok=1
Cmd: compileSnippet
  api=0 type=0 insize=3306 outsize=1389 kw=POINT_COOKIE ok=1
Cmd: compileSnippet
  api=1 type=0 insize=3306 outsize=835 kw=DIRECTIONAL_COOKIE ok=1
Cmd: compileSnippet
  api=1 type=1 insize=3306 outsize=1093 kw=DIRECTIONAL ok=1
Cmd: compileSnippet
  api=0 type=1 insize=3306 outsize=1495 kw=POINT_COOKIE ok=1
Cmd: compileSnippet
  api=0 type=1 insize=3306 outsize=1324 kw=DIRECTIONAL_COOKIE ok=1
Cmd: compileSnippet
  api=1 type=1 insize=3202 outsize=714 kw= ok=1
Cmd: compileSnippet
  api=1 type=0 insize=5932 outsize=1270 kw=LIGHTMAP_ON DIRLIGHTMAP_OFF HDR_LIGHT_PREPASS_OFF ok=1
Cmd: compileSnippet
  api=4 type=0 insize=5932 outsize=4565 kw=LIGHTMAP_ON DIRLIGHTMAP_ON HDR_LIGHT_PREPASS_OFF ok=1
Cmd: compileSnippet
  api=0 type=0 insize=5932 outsize=1817 kw=LIGHTMAP_ON DIRLIGHTMAP_OFF HDR_LIGHT_PREPASS_ON ok=1
Cmd: compileSnippet
  api=0 type=0 insize=5932 outsize=1499 kw=LIGHTMAP_ON DIRLIGHTMAP_ON HDR_LIGHT_PREPASS_ON ok=1
Cmd: compileSnippet
  api=1 type=1 insize=5932 outsize=1509 kw=LIGHTMAP_ON DIRLIGHTMAP_OFF HDR_LIGHT_PREPASS_OFF ok=1
Cmd: compileSnippet
  api=4 type=1 insize=5932 outsize=5434 kw=LIGHTMAP_ON DIRLIGHTMAP_ON HDR_LIGHT_PREPASS_OFF ok=1
Cmd: compileSnippet
  api=0 type=1 insize=5932 outsize=2112 kw=LIGHTMAP_ON DIRLIGHTMAP_ON HDR_LIGHT_PREPASS_ON ok=1
Cmd: compileSnippet
  api=1 type=0 insize=5789 outsize=1216 kw=DIRECTIONAL SHADOWS_OFF LIGHTMAP_OFF DIRLIGHTMAP_OFF ok=1
Cmd: compileSnippet
  api=1 type=0 insize=5789 outsize=778 kw=DIRECTIONAL SHADOWS_OFF LIGHTMAP_ON DIRLIGHTMAP_ON ok=1
Cmd: compileSnippet
  api=0 type=0 insize=5789 outsize=1367 kw=DIRECTIONAL SHADOWS_SCREEN LIGHTMAP_ON DIRLIGHTMAP_OFF ok=1
Cmd: compileSnippet
  api=1 type=0 insize=5789 outsize=898 kw=DIRECTIONAL SHADOWS_SCREEN LIGHTMAP_ON DIRLIGHTMAP_ON ok=1
Cmd: compileSnippet
  api=4 type=0 insize=5789 outsize=7246 kw=DIRECTIONAL SHADOWS_OFF LIGHTMAP_OFF DIRLIGHTMAP_OFF VERTEXLIGHT_ON ok=1
Cmd: compileSnippet
  api=1 type=1 insize=5789 outsize=709 kw=DIRECTIONAL SHADOWS_OFF LIGHTMAP_ON DIRLIGHTMAP_OFF ok=1
Cmd: compileSnippet
  api=0 type=1 insize=5789 outsize=1031 kw=DIRECTIONAL SHADOWS_SCREEN LIGHTMAP_OFF DIRLIGHTMAP_OFF ok=1
Cmd: compileSnippet
  api=4 type=1 insize=5789 outsize=3143 kw=DIRECTIONAL SHADOWS_SCREEN LIGHTMAP_ON DIRLIGHTMAP_OFF ok=1
Cmd: compileSnippet
  api=0 type=0 insize=2755 outsize=828 kw=DIRECTIONAL ok=1
Cmd: compileSnippet
  api=0 type=0 insize=2755 outsize=1154 kw=SPOT ok=1
Cmd: compileSnippet
  api=1 type=0 insize=2755 outsize=621 kw=POINT_COOKIE ok=1
Cmd: compileSnippet
  api=4 type=0 insize=2755 outsize=2948 kw=DIRECTIONAL_COOKIE ok=1
Cmd: compileSnippet
  api=1 type=1 insize=2755 outsize=633 kw=POINT ok=1
Cmd: compileSnippet
  api=0 type=1 insize=2755 outsize=940 kw=SPOT ok=1
Cmd: compileSnippet
  api=4 type=1 insize=2755 outsize=2192 kw=POINT_COOKIE ok=1
Cmd: compileSnippet
  api=1 type=1 insize=2760 outsize=425 kw= ok=1
Cmd: compileSnippet
  api=0 type=0 insize=5420 outsize=1687 kw=LIGHTMAP_ON DIRLIGHTMAP_OFF HDR_LIGHT_PREPASS_OFF ok=1
Cmd: compileSnippet
  api=0 type=0 insize=5420 outsize=1367 kw=LIGHTMAP_ON DIRLIGHTMAP_ON HDR_LIGHT_PREPASS_OFF ok=1
Cmd: compileSnippet
  api=0 type=0 insize=5420 outsize=1687 kw=LIGHTMAP_ON DIRLIGHTMAP_OFF HDR_LIGHT_PREPASS_ON ok=1
Cmd: compileSnippet
  api=4 type=0 insize=5420 outsize=5320 kw=LIGHTMAP_ON DIRLIGHTMAP_OFF HDR_LIGHT_PREPASS_ON ok=1
Cmd: compileSnippet
  api=1 type=1 insize=5420 outsize=738 kw=LIGHTMAP_OFF DIRLIGHTMAP_OFF HDR_LIGHT_PREPASS_OFF ok=1
Cmd: compileSnippet
  api=1 type=1 insize=5420 outsize=1135 kw=LIGHTMAP_ON DIRLIGHTMAP_ON HDR_LIGHT_PREPASS_OFF ok=1
Cmd: compileSnippet
  api=4 type=1 insize=5420 outsize=2672 kw=LIGHTMAP_OFF DIRLIGHTMAP_OFF HDR_LIGHT_PREPASS_ON ok=1
Cmd: compileSnippet
  api=4 type=1 insize=5420 outsize=3476 kw=LIGHTMAP_ON DIRLIGHTMAP_ON HDR_LIGHT_PREPASS_ON ok=1
Cmd: compileSnippet
  api=0 type=0 insize=4962 outsize=436 kw=DIRECTIONAL LIGHTMAP_ON DIRLIGHTMAP_OFF ok=1
Cmd: compileSnippet
  api=4 type=0 insize=4962 outsize=1493 kw=DIRECTIONAL LIGHTMAP_ON DIRLIGHTMAP_OFF ok=1
Cmd: compileSnippet
  api=4 type=0 insize=4962 outsize=4508 kw=DIRECTIONAL LIGHTMAP_OFF DIRLIGHTMAP_OFF VERTEXLIGHT_ON ok=1
Cmd: compileSnippet
  api=0 type=1 insize=4962 outsize=314 kw=DIRECTIONAL LIGHTMAP_ON DIRLIGHTMAP_OFF ok=1
Cmd: compileSnippet
  api=1 type=1 insize=4962 outsize=228 kw=DIRECTIONAL LIGHTMAP_ON DIRLIGHTMAP_OFF ok=1
Cmd: compileSnippet
  api=0 type=1 insize=4962 outsize=1010 kw=DIRECTIONAL LIGHTMAP_ON DIRLIGHTMAP_ON ok=1
Cmd: compileSnippet
  api=8 type=1 insize=4962 outsize=4047 kw=DIRECTIONAL LIGHTMAP_ON DIRLIGHTMAP_ON ok=1
Cmd: compileSnippet
  api=1 type=0 insize=2504 outsize=405 kw=POINT ok=1
Cmd: compileSnippet
  api=0 type=0 insize=2504 outsize=894 kw=SPOT ok=1
Cmd: compileSnippet
  api=0 type=0 insize=2504 outsize=857 kw=POINT_COOKIE ok=1
Cmd: compileSnippet
  api=8 type=0 insize=2504 outsize=4363 kw=POINT_COOKIE ok=1
Cmd: compileSnippet
  api=1 type=1 insize=2504 outsize=762 kw=POINT ok=1
Cmd: compileSnippet
  api=8 type=1 insize=2504 outsize=3202 kw=DIRECTIONAL ok=1
Cmd: compileSnippet
  api=0 type=1 insize=2504 outsize=1016 kw=POINT_COOKIE ok=1
Cmd: compileSnippet
  api=8 type=1 insize=2504 outsize=4022 kw=POINT_COOKIE ok=1
Cmd: compileSnippet
  api=1 type=0 insize=6352 outsize=1383 kw=DIRECTIONAL SHADOWS_OFF LIGHTMAP_OFF DIRLIGHTMAP_OFF ok=1
Cmd: compileSnippet
  api=0 type=0 insize=6352 outsize=1387 kw=DIRECTIONAL SHADOWS_OFF LIGHTMAP_ON DIRLIGHTMAP_ON ok=1
Cmd: compileSnippet
  api=1 type=0 insize=6352 outsize=1006 kw=DIRECTIONAL SHADOWS_SCREEN LIGHTMAP_ON DIRLIGHTMAP_OFF ok=1
Cmd: compileSnippet
  api=4 type=0 insize=6352 outsize=4565 kw=DIRECTIONAL SHADOWS_SCREEN LIGHTMAP_ON DIRLIGHTMAP_ON ok=1
Cmd: compileSnippet
  api=1 type=0 insize=6352 outsize=1948 kw=DIRECTIONAL SHADOWS_OFF LIGHTMAP_OFF DIRLIGHTMAP_OFF VERTEXLIGHT_ON ok=1
Cmd: compileSnippet
  api=1 type=1 insize=6352 outsize=730 kw=DIRECTIONAL SHADOWS_OFF LIGHTMAP_ON DIRLIGHTMAP_OFF ok=1
Cmd: compileSnippet
  api=0 type=1 insize=6352 outsize=1727 kw=DIRECTIONAL SHADOWS_OFF LIGHTMAP_ON DIRLIGHTMAP_ON ok=1
Cmd: compileSnippet
  api=4 type=1 insize=6352 outsize=4045 kw=DIRECTIONAL SHADOWS_SCREEN LIGHTMAP_OFF DIRLIGHTMAP_OFF ok=1
Cmd: compileSnippet
  api=1 type=1 insize=6352 outsize=1735 kw=DIRECTIONAL SHADOWS_SCREEN LIGHTMAP_ON DIRLIGHTMAP_ON ok=1
Cmd: compileSnippet
  api=0 type=0 insize=3066 outsize=1098 kw=DIRECTIONAL ok=1
Cmd: compileSnippet
  api=0 type=0 insize=3066 outsize=1426 kw=SPOT ok=1
Cmd: compileSnippet
  api=1 type=0 insize=3066 outsize=880 kw=POINT_COOKIE ok=1
Cmd: compileSnippet
  api=4 type=0 insize=3066 outsize=3630 kw=DIRECTIONAL_COOKIE ok=1
Cmd: compileSnippet
  api=1 type=1 insize=3066 outsize=844 kw=DIRECTIONAL ok=1
Cmd: compileSnippet
  api=0 type=1 insize=3066 outsize=1019 kw=DIRECTIONAL_COOKIE ok=1
Cmd: compileSnippet
  api=1 type=1 insize=2876 outsize=425 kw= ok=1
Cmd: compileSnippet
  api=1 type=0 insize=5734 outsize=1200 kw=LIGHTMAP_ON DIRLIGHTMAP_OFF HDR_LIGHT_PREPASS_OFF ok=1
Cmd: compileSnippet
  api=4 type=0 insize=5734 outsize=4565 kw=LIGHTMAP_ON DIRLIGHTMAP_ON HDR_LIGHT_PREPASS_OFF ok=1
Cmd: compileSnippet
  api=0 type=0 insize=5734 outsize=1691 kw=LIGHTMAP_ON DIRLIGHTMAP_OFF HDR_LIGHT_PREPASS_ON ok=1
Cmd: compileSnippet
  api=0 type=0 insize=5734 outsize=1508 kw=LIGHTMAP_ON DIRLIGHTMAP_ON HDR_LIGHT_PREPASS_ON ok=1
Cmd: compileSnippet
  api=0 type=1 insize=5734 outsize=1380 kw=LIGHTMAP_ON DIRLIGHTMAP_OFF HDR_LIGHT_PREPASS_OFF ok=1
Cmd: compileSnippet
  api=1 type=1 insize=5734 outsize=1717 kw=LIGHTMAP_ON DIRLIGHTMAP_ON HDR_LIGHT_PREPASS_OFF ok=1
Cmd: compileSnippet
  api=1 type=1 insize=5734 outsize=824 kw=LIGHTMAP_OFF DIRLIGHTMAP_OFF HDR_LIGHT_PREPASS_ON ok=1
Cmd: compileSnippet
  api=0 type=1 insize=5734 outsize=1314 kw=LIGHTMAP_ON DIRLIGHTMAP_OFF HDR_LIGHT_PREPASS_ON ok=1
Cmd: compileSnippet
  api=4 type=1 insize=5734 outsize=4938 kw=LIGHTMAP_ON DIRLIGHTMAP_ON HDR_LIGHT_PREPASS_ON ok=1
Cmd: compileSnippet
  api=8 type=0 insize=4310 outsize=3811 kw=DIRECTIONAL LIGHTMAP_OFF DIRLIGHTMAP_OFF ok=1
Cmd: compileSnippet
  api=0 type=0 insize=4310 outsize=436 kw=DIRECTIONAL LIGHTMAP_ON DIRLIGHTMAP_ON ok=1
Cmd: compileSnippet
  api=1 type=0 insize=4310 outsize=1146 kw=DIRECTIONAL LIGHTMAP_OFF DIRLIGHTMAP_OFF VERTEXLIGHT_ON ok=1
Cmd: compileSnippet
  api=8 type=1 insize=4310 outsize=1950 kw=DIRECTIONAL LIGHTMAP_OFF DIRLIGHTMAP_OFF ok=1
Cmd: compileSnippet
  api=0 type=1 insize=4310 outsize=314 kw=DIRECTIONAL LIGHTMAP_ON DIRLIGHTMAP_ON ok=1
Cmd: compileSnippet
  api=0 type=0 insize=2268 outsize=560 kw=DIRECTIONAL ok=1
Cmd: compileSnippet
  api=1 type=0 insize=2268 outsize=402 kw=SPOT ok=1
Cmd: compileSnippet
  api=0 type=0 insize=2268 outsize=817 kw=POINT_COOKIE ok=1
Cmd: compileSnippet
  api=8 type=0 insize=2268 outsize=4128 kw=POINT_COOKIE ok=1
Cmd: compileSnippet
  api=8 type=1 insize=2268 outsize=2397 kw=POINT ok=1
Cmd: compileSnippet
  api=0 type=1 insize=2268 outsize=756 kw=SPOT ok=1
Cmd: compileSnippet
  api=0 type=1 insize=2268 outsize=630 kw=POINT_COOKIE ok=1
Cmd: compileSnippet
  api=1 type=1 insize=2268 outsize=336 kw=DIRECTIONAL_COOKIE ok=1
Cmd: compileSnippet
  api=1 type=0 insize=609 outsize=230 kw=SHADOWS_DEPTH ok=1
Cmd: compileSnippet
  api=1 type=1 insize=609 outsize=78 kw=SHADOWS_DEPTH ok=1
Cmd: compileSnippet
  api=4 type=1 insize=609 outsize=965 kw=SHADOWS_CUBE ok=1
Cmd: compileSnippet
  api=1 type=0 insize=694 outsize=456 kw=SHADOWS_NONATIVE ok=1
Cmd: compileSnippet
  api=1 type=0 insize=694 outsize=456 kw=SHADOWS_SPLIT_SPHERES SHADOWS_NATIVE ok=1
Cmd: compileSnippet
  api=4 type=0 insize=694 outsize=3127 kw=SHADOWS_SPLIT_SPHERES SHADOWS_NATIVE ok=1
Cmd: compileSnippet
  api=0 type=1 insize=694 outsize=870 kw=SHADOWS_NATIVE ok=1
Cmd: compileSnippet
  api=4 type=1 insize=694 outsize=2290 kw=SHADOWS_NATIVE ok=1
Cmd: compileSnippet
  api=1 type=1 insize=694 outsize=842 kw=SHADOWS_SPLIT_SPHERES SHADOWS_NATIVE ok=1
Cmd: compileSnippet
  api=1 type=1 insize=1760 outsize=214 kw= ok=1
Cmd: compileSnippet
  api=1 type=1 insize=1986 outsize=79 kw= ok=1
Cmd: compileSnippet
  api=1 type=0 insize=2398 outsize=330 kw= ok=1
Cmd: compileSnippet
  api=1 type=0 insize=2399 outsize=338 kw= ok=1
Cmd: compileSnippet
  api=1 type=0 insize=2403 outsize=330 kw= ok=1
Cmd: compileSnippet
  api=8 type=1 insize=2403 outsize=2243 kw= ok=1
Cmd: compileSnippet
  api=1 type=1 insize=2403 outsize=256 kw= ok=1
Cmd: compileSnippet
  api=1 type=1 insize=1389 outsize=214 kw= ok=1
Cmd: compileSnippet
  api=0 type=0 insize=808 outsize=365 kw=GLOW11_MULTIPLY_GLOWCOLOR GLOW11_GLOW_MAINTEX ok=1
Cmd: compileSnippet
  api=1 type=0 insize=808 outsize=171 kw=GLOW11_MULTIPLY_VERT GLOW11_GLOW_MAINTEX ok=1
Cmd: compileSnippet
  api=1 type=0 insize=808 outsize=171 kw=GLOW11_GLOW_MAINTEX GLOW11_MULTIPLY_VERT_ALPHA ok=1
Cmd: compileSnippet
  api=4 type=0 insize=808 outsize=1290 kw=GLOW11_GLOW_MAINTEX GLOW11_MULTIPLY_ILLUMTEX_ALPHA ok=1
Cmd: compileSnippet
  api=0 type=0 insize=808 outsize=365 kw=GLOW11_GLOW_MAINTEX GLOW11_MULTIPLY_MAINTEX_ALPHA ok=1
Cmd: compileSnippet
  api=1 type=0 insize=808 outsize=100 kw=NO_MULTIPLY GLOW11_GLOW_MAINCOLOR ok=1
Cmd: compileSnippet
  api=8 type=0 insize=808 outsize=1292 kw=GLOW11_MULTIPLY_GLOWCOLOR GLOW11_GLOW_MAINCOLOR ok=1
Cmd: compileSnippet
  api=4 type=0 insize=808 outsize=1038 kw=GLOW11_MULTIPLY_VERT GLOW11_GLOW_MAINCOLOR ok=1
Cmd: compileSnippet
  api=0 type=0 insize=808 outsize=313 kw=GLOW11_MULTIPLY_VERT_ALPHA GLOW11_GLOW_MAINCOLOR ok=1
Cmd: compileSnippet
  api=1 type=0 insize=808 outsize=145 kw=GLOW11_MULTIPLY_ILLUMTEX_ALPHA GLOW11_GLOW_MAINCOLOR ok=1
Cmd: compileSnippet
  api=4 type=0 insize=808 outsize=957 kw=GLOW11_MULTIPLY_MAINTEX_ALPHA GLOW11_GLOW_MAINCOLOR ok=1
Cmd: compileSnippet
  api=0 type=0 insize=808 outsize=365 kw=NO_MULTIPLY GLOW11_GLOW_GLOWTEX ok=1
Cmd: compileSnippet
  api=0 type=0 insize=808 outsize=365 kw=GLOW11_MULTIPLY_GLOWCOLOR GLOW11_GLOW_GLOWTEX ok=1
Cmd: compileSnippet
  api=8 type=0 insize=808 outsize=1812 kw=GLOW11_MULTIPLY_VERT GLOW11_GLOW_GLOWTEX ok=1
Cmd: compileSnippet
  api=0 type=0 insize=808 outsize=432 kw=GLOW11_MULTIPLY_ILLUMTEX_ALPHA GLOW11_GLOW_GLOWTEX ok=1
Cmd: compileSnippet
  api=1 type=0 insize=808 outsize=145 kw=GLOW11_MULTIPLY_MAINTEX_ALPHA GLOW11_GLOW_GLOWTEX ok=1
Cmd: compileSnippet
  api=4 type=0 insize=808 outsize=1128 kw=NO_MULTIPLY GLOW11_GLOW_ILLUMTEX ok=1
Cmd: compileSnippet
  api=0 type=0 insize=808 outsize=365 kw=GLOW11_MULTIPLY_GLOWCOLOR GLOW11_GLOW_ILLUMTEX ok=1
Cmd: compileSnippet
  api=8 type=0 insize=808 outsize=1812 kw=GLOW11_MULTIPLY_VERT GLOW11_GLOW_ILLUMTEX ok=1
Cmd: compileSnippet
  api=1 type=0 insize=808 outsize=171 kw=GLOW11_MULTIPLY_VERT_ALPHA GLOW11_GLOW_ILLUMTEX ok=1
Cmd: compileSnippet
  api=4 type=0 insize=808 outsize=1128 kw=GLOW11_MULTIPLY_ILLUMTEX_ALPHA GLOW11_GLOW_ILLUMTEX ok=1
Cmd: compileSnippet
  api=0 type=0 insize=808 outsize=365 kw=GLOW11_MULTIPLY_MAINTEX_ALPHA GLOW11_GLOW_ILLUMTEX ok=1
Cmd: compileSnippet
  api=0 type=0 insize=808 outsize=281 kw=GLOW11_GLOW_GLOWCOLOR NO_MULTIPLY ok=1
Cmd: compileSnippet
  api=4 type=0 insize=808 outsize=892 kw=GLOW11_GLOW_GLOWCOLOR GLOW11_MULTIPLY_GLOWCOLOR ok=1
Cmd: compileSnippet
  api=4 type=0 insize=808 outsize=1038 kw=GLOW11_GLOW_GLOWCOLOR GLOW11_MULTIPLY_VERT ok=1
Cmd: compileSnippet
  api=4 type=0 insize=808 outsize=1038 kw=GLOW11_GLOW_GLOWCOLOR GLOW11_MULTIPLY_VERT_ALPHA ok=1
Cmd: compileSnippet
  api=0 type=0 insize=808 outsize=365 kw=GLOW11_GLOW_GLOWCOLOR GLOW11_MULTIPLY_ILLUMTEX_ALPHA ok=1
Cmd: compileSnippet
  api=1 type=0 insize=808 outsize=100 kw=GLOW11_GLOW_GLOWCOLOR GLOW11_MULTIPLY_MAINTEX_ALPHA ok=1
Cmd: compileSnippet
  api=8 type=0 insize=808 outsize=1487 kw=NO_MULTIPLY GLOW11_GLOW_VERTEXCOLOR ok=1
Cmd: compileSnippet
  api=8 type=0 insize=808 outsize=1487 kw=GLOW11_MULTIPLY_GLOWCOLOR GLOW11_GLOW_VERTEXCOLOR ok=1
Cmd: compileSnippet
  api=0 type=0 insize=808 outsize=313 kw=GLOW11_MULTIPLY_VERT_ALPHA GLOW11_GLOW_VERTEXCOLOR ok=1
Cmd: compileSnippet
  api=1 type=0 insize=808 outsize=171 kw=GLOW11_MULTIPLY_ILLUMTEX_ALPHA GLOW11_GLOW_VERTEXCOLOR ok=1
Cmd: compileSnippet
  api=1 type=1 insize=808 outsize=73 kw=GLOW11_GLOW_MAINTEX NO_MULTIPLY ok=1
Cmd: compileSnippet
  api=1 type=1 insize=808 outsize=95 kw=GLOW11_MULTIPLY_VERT GLOW11_GLOW_MAINTEX ok=1
Cmd: compileSnippet
  api=8 type=1 insize=808 outsize=1203 kw=GLOW11_GLOW_MAINTEX GLOW11_MULTIPLY_VERT_ALPHA ok=1
Cmd: compileSnippet
  api=0 type=1 insize=808 outsize=215 kw=GLOW11_GLOW_MAINTEX GLOW11_MULTIPLY_MAINTEX_ALPHA ok=1
Cmd: compileSnippet
  api=4 type=1 insize=808 outsize=827 kw=GLOW11_GLOW_MAINTEX GLOW11_MULTIPLY_MAINTEX_ALPHA ok=1
Cmd: compileSnippet
  api=8 type=1 insize=808 outsize=772 kw=NO_MULTIPLY GLOW11_GLOW_MAINCOLOR ok=1
Cmd: compileSnippet
  api=0 type=1 insize=808 outsize=206 kw=GLOW11_MULTIPLY_VERT GLOW11_GLOW_MAINCOLOR ok=1
Cmd: compileSnippet
  api=8 type=1 insize=808 outsize=927 kw=GLOW11_MULTIPLY_VERT GLOW11_GLOW_MAINCOLOR ok=1
Cmd: compileSnippet
  api=0 type=1 insize=808 outsize=245 kw=GLOW11_MULTIPLY_ILLUMTEX_ALPHA GLOW11_GLOW_MAINCOLOR ok=1
Cmd: compileSnippet
  api=8 type=1 insize=808 outsize=1187 kw=GLOW11_MULTIPLY_MAINTEX_ALPHA GLOW11_GLOW_MAINCOLOR ok=1
Cmd: compileSnippet
  api=4 type=1 insize=808 outsize=770 kw=NO_MULTIPLY GLOW11_GLOW_GLOWTEX ok=1
Cmd: compileSnippet
  api=4 type=1 insize=808 outsize=835 kw=GLOW11_MULTIPLY_GLOWCOLOR GLOW11_GLOW_GLOWTEX ok=1
Cmd: compileSnippet
  api=4 type=1 insize=808 outsize=852 kw=GLOW11_MULTIPLY_VERT GLOW11_GLOW_GLOWTEX ok=1
Cmd: compileSnippet
  api=0 type=1 insize=808 outsize=235 kw=GLOW11_MULTIPLY_VERT_ALPHA GLOW11_GLOW_GLOWTEX ok=1
Cmd: compileSnippet
  api=0 type=1 insize=808 outsize=272 kw=GLOW11_MULTIPLY_ILLUMTEX_ALPHA GLOW11_GLOW_GLOWTEX ok=1
Cmd: compileSnippet
  api=4 type=1 insize=808 outsize=1030 kw=GLOW11_MULTIPLY_MAINTEX_ALPHA GLOW11_GLOW_GLOWTEX ok=1
Cmd: compileSnippet
  api=1 type=1 insize=808 outsize=73 kw=NO_MULTIPLY GLOW11_GLOW_ILLUMTEX ok=1
Cmd: compileSnippet
  api=8 type=1 insize=808 outsize=1065 kw=NO_MULTIPLY GLOW11_GLOW_ILLUMTEX ok=1
Cmd: compileSnippet
  api=1 type=1 insize=808 outsize=95 kw=GLOW11_MULTIPLY_VERT GLOW11_GLOW_ILLUMTEX ok=1
Cmd: compileSnippet
  api=4 type=1 insize=808 outsize=852 kw=GLOW11_MULTIPLY_VERT_ALPHA GLOW11_GLOW_ILLUMTEX ok=1
Cmd: compileSnippet
  api=1 type=1 insize=808 outsize=90 kw=GLOW11_MULTIPLY_ILLUMTEX_ALPHA GLOW11_GLOW_ILLUMTEX ok=1
Cmd: compileSnippet
  api=0 type=1 insize=808 outsize=272 kw=GLOW11_MULTIPLY_MAINTEX_ALPHA GLOW11_GLOW_ILLUMTEX ok=1
Cmd: compileSnippet
  api=8 type=1 insize=808 outsize=1447 kw=GLOW11_MULTIPLY_MAINTEX_ALPHA GLOW11_GLOW_ILLUMTEX ok=1
Cmd: compileSnippet
  api=4 type=1 insize=808 outsize=624 kw=GLOW11_GLOW_GLOWCOLOR GLOW11_MULTIPLY_GLOWCOLOR ok=1
Cmd: compileSnippet
  api=8 type=1 insize=808 outsize=927 kw=GLOW11_GLOW_GLOWCOLOR GLOW11_MULTIPLY_VERT ok=1
Cmd: compileSnippet
  api=0 type=1 insize=808 outsize=245 kw=GLOW11_GLOW_GLOWCOLOR GLOW11_MULTIPLY_ILLUMTEX_ALPHA ok=1
Cmd: compileSnippet
  api=0 type=1 insize=808 outsize=245 kw=GLOW11_GLOW_GLOWCOLOR GLOW11_MULTIPLY_MAINTEX_ALPHA ok=1
Cmd: compileSnippet
  api=0 type=1 insize=808 outsize=162 kw=NO_MULTIPLY GLOW11_GLOW_VERTEXCOLOR ok=1
Cmd: compileSnippet
  api=1 type=1 insize=808 outsize=58 kw=GLOW11_MULTIPLY_GLOWCOLOR GLOW11_GLOW_VERTEXCOLOR ok=1
Cmd: compileSnippet
  api=1 type=1 insize=808 outsize=58 kw=GLOW11_MULTIPLY_VERT GLOW11_GLOW_VERTEXCOLOR ok=1
Cmd: compileSnippet
  api=4 type=1 insize=808 outsize=713 kw=GLOW11_MULTIPLY_VERT_ALPHA GLOW11_GLOW_VERTEXCOLOR ok=1
Cmd: compileSnippet
  api=4 type=1 insize=808 outsize=852 kw=GLOW11_MULTIPLY_ILLUMTEX_ALPHA GLOW11_GLOW_VERTEXCOLOR ok=1
Cmd: compileSnippet
  api=0 type=1 insize=808 outsize=246 kw=GLOW11_MULTIPLY_MAINTEX_ALPHA GLOW11_GLOW_VERTEXCOLOR ok=1
Cmd: compileSnippet
  api=8 type=1 insize=808 outsize=1203 kw=GLOW11_MULTIPLY_MAINTEX_ALPHA GLOW11_GLOW_VERTEXCOLOR ok=1
Cmd: compileSnippet
  api=0 type=0 insize=812 outsize=365 kw=GLOW11_GLOW_MAINTEX NO_MULTIPLY ok=1
Cmd: compileSnippet
  api=4 type=0 insize=812 outsize=1128 kw=GLOW11_MULTIPLY_GLOWCOLOR GLOW11_GLOW_MAINTEX ok=1
Cmd: compileSnippet
  api=0 type=0 insize=812 outsize=397 kw=GLOW11_MULTIPLY_VERT GLOW11_GLOW_MAINTEX ok=1
Cmd: compileSnippet
  api=4 type=0 insize=812 outsize=1274 kw=GLOW11_GLOW_MAINTEX GLOW11_MULTIPLY_VERT_ALPHA ok=1
Cmd: compileSnippet
  api=8 type=0 insize=812 outsize=1812 kw=GLOW11_GLOW_MAINTEX GLOW11_MULTIPLY_VERT_ALPHA ok=1
Cmd: compileSnippet
  api=8 type=0 insize=812 outsize=1820 kw=GLOW11_GLOW_MAINTEX GLOW11_MULTIPLY_ILLUMTEX_ALPHA ok=1
Cmd: compileSnippet
  api=8 type=0 insize=812 outsize=1617 kw=GLOW11_GLOW_MAINTEX GLOW11_MULTIPLY_MAINTEX_ALPHA ok=1
Cmd: compileSnippet
  api=8 type=0 insize=812 outsize=1617 kw=NO_MULTIPLY GLOW11_GLOW_MAINCOLOR ok=1
Cmd: compileSnippet
  api=4 type=0 insize=812 outsize=1128 kw=GLOW11_MULTIPLY_GLOWCOLOR GLOW11_GLOW_MAINCOLOR ok=1
Cmd: compileSnippet
  api=1 type=0 insize=812 outsize=171 kw=GLOW11_MULTIPLY_VERT GLOW11_GLOW_MAINCOLOR ok=1
Cmd: compileSnippet
  api=4 type=0 insize=812 outsize=1274 kw=GLOW11_MULTIPLY_VERT_ALPHA GLOW11_GLOW_MAINCOLOR ok=1
Cmd: compileSnippet
  api=1 type=0 insize=812 outsize=173 kw=GLOW11_MULTIPLY_ILLUMTEX_ALPHA GLOW11_GLOW_MAINCOLOR ok=1
Cmd: compileSnippet
  api=4 type=0 insize=812 outsize=1128 kw=GLOW11_MULTIPLY_MAINTEX_ALPHA GLOW11_GLOW_MAINCOLOR ok=1
Cmd: compileSnippet
  api=1 type=0 insize=812 outsize=173 kw=NO_MULTIPLY GLOW11_GLOW_GLOWTEX ok=1
Cmd: compileSnippet
  api=4 type=0 insize=812 outsize=1290 kw=GLOW11_MULTIPLY_GLOWCOLOR GLOW11_GLOW_GLOWTEX ok=1
Cmd: compileSnippet
  api=1 type=0 insize=812 outsize=199 kw=GLOW11_MULTIPLY_VERT GLOW11_GLOW_GLOWTEX ok=1
Cmd: compileSnippet
  api=4 type=0 insize=812 outsize=1437 kw=GLOW11_MULTIPLY_VERT_ALPHA GLOW11_GLOW_GLOWTEX ok=1
Cmd: compileSnippet
  api=8 type=0 insize=812 outsize=2015 kw=GLOW11_MULTIPLY_VERT_ALPHA GLOW11_GLOW_GLOWTEX ok=1
Cmd: compileSnippet
  api=8 type=0 insize=812 outsize=2023 kw=GLOW11_MULTIPLY_ILLUMTEX_ALPHA GLOW11_GLOW_GLOWTEX ok=1
Cmd: compileSnippet
  api=8 type=0 insize=812 outsize=1820 kw=GLOW11_MULTIPLY_MAINTEX_ALPHA GLOW11_GLOW_GLOWTEX ok=1
Cmd: compileSnippet
  api=1 type=0 insize=812 outsize=173 kw=NO_MULTIPLY GLOW11_GLOW_ILLUMTEX ok=1
Cmd: compileSnippet
  api=0 type=0 insize=812 outsize=464 kw=GLOW11_MULTIPLY_VERT GLOW11_GLOW_ILLUMTEX ok=1
Cmd: compileSnippet
  api=0 type=0 insize=812 outsize=464 kw=GLOW11_MULTIPLY_VERT_ALPHA GLOW11_GLOW_ILLUMTEX ok=1
Cmd: compileSnippet
  api=1 type=0 insize=812 outsize=173 kw=GLOW11_MULTIPLY_ILLUMTEX_ALPHA GLOW11_GLOW_ILLUMTEX ok=1
Cmd: compileSnippet
  api=4 type=0 insize=812 outsize=1290 kw=GLOW11_MULTIPLY_MAINTEX_ALPHA GLOW11_GLOW_ILLUMTEX ok=1
Cmd: compileSnippet
  api=0 type=0 insize=812 outsize=365 kw=GLOW11_GLOW_GLOWCOLOR NO_MULTIPLY ok=1
Cmd: compileSnippet
  api=0 type=0 insize=812 outsize=397 kw=GLOW11_GLOW_GLOWCOLOR GLOW11_MULTIPLY_VERT ok=1
Cmd: compileSnippet
  api=1 type=0 insize=812 outsize=171 kw=GLOW11_GLOW_GLOWCOLOR GLOW11_MULTIPLY_VERT_ALPHA ok=1
Cmd: compileSnippet
  api=8 type=0 insize=812 outsize=1820 kw=GLOW11_GLOW_GLOWCOLOR GLOW11_MULTIPLY_ILLUMTEX_ALPHA ok=1
Cmd: compileSnippet
  api=1 type=0 insize=812 outsize=171 kw=NO_MULTIPLY GLOW11_GLOW_VERTEXCOLOR ok=1
Cmd: compileSnippet
  api=8 type=0 insize=812 outsize=1812 kw=GLOW11_MULTIPLY_GLOWCOLOR GLOW11_GLOW_VERTEXCOLOR ok=1
Cmd: compileSnippet
  api=0 type=0 insize=812 outsize=397 kw=GLOW11_MULTIPLY_VERT_ALPHA GLOW11_GLOW_VERTEXCOLOR ok=1
Cmd: compileSnippet
  api=8 type=0 insize=812 outsize=2015 kw=GLOW11_MULTIPLY_ILLUMTEX_ALPHA GLOW11_GLOW_VERTEXCOLOR ok=1
Cmd: compileSnippet
  api=8 type=0 insize=812 outsize=1812 kw=GLOW11_MULTIPLY_MAINTEX_ALPHA GLOW11_GLOW_VERTEXCOLOR ok=1
Cmd: compileSnippet
  api=0 type=1 insize=812 outsize=225 kw=GLOW11_GLOW_MAINTEX NO_MULTIPLY ok=1
Cmd: compileSnippet
  api=1 type=1 insize=812 outsize=96 kw=GLOW11_MULTIPLY_GLOWCOLOR GLOW11_GLOW_MAINTEX ok=1
Cmd: compileSnippet
  api=1 type=1 insize=812 outsize=107 kw=GLOW11_MULTIPLY_VERT GLOW11_GLOW_MAINTEX ok=1
Cmd: compileSnippet
  api=8 type=1 insize=812 outsize=1243 kw=GLOW11_MULTIPLY_VERT GLOW11_GLOW_MAINTEX ok=1
Cmd: compileSnippet
  api=0 type=1 insize=812 outsize=304 kw=GLOW11_GLOW_MAINTEX GLOW11_MULTIPLY_ILLUMTEX_ALPHA ok=1
Cmd: compileSnippet
  api=1 type=1 insize=812 outsize=148 kw=GLOW11_GLOW_MAINTEX GLOW11_MULTIPLY_ILLUMTEX_ALPHA ok=1
Cmd: compileSnippet
  api=4 type=1 insize=812 outsize=868 kw=GLOW11_GLOW_MAINTEX GLOW11_MULTIPLY_MAINTEX_ALPHA ok=1
Cmd: compileSnippet
  api=4 type=1 insize=812 outsize=819 kw=NO_MULTIPLY GLOW11_GLOW_MAINCOLOR ok=1
Cmd: compileSnippet
  api=4 type=1 insize=812 outsize=884 kw=GLOW11_MULTIPLY_GLOWCOLOR GLOW11_GLOW_MAINCOLOR ok=1
Cmd: compileSnippet
  api=4 type=1 insize=812 outsize=900 kw=GLOW11_MULTIPLY_VERT GLOW11_GLOW_MAINCOLOR ok=1
Cmd: compileSnippet
  api=4 type=1 insize=812 outsize=900 kw=GLOW11_MULTIPLY_VERT_ALPHA GLOW11_GLOW_MAINCOLOR ok=1
Cmd: compileSnippet
  api=1 type=1 insize=812 outsize=150 kw=GLOW11_MULTIPLY_ILLUMTEX_ALPHA GLOW11_GLOW_MAINCOLOR ok=1
Cmd: compileSnippet
  api=0 type=1 insize=812 outsize=256 kw=GLOW11_MULTIPLY_MAINTEX_ALPHA GLOW11_GLOW_MAINCOLOR ok=1
Cmd: compileSnippet
  api=0 type=1 insize=812 outsize=263 kw=NO_MULTIPLY GLOW11_GLOW_GLOWTEX ok=1
Cmd: compileSnippet
  api=8 type=1 insize=812 outsize=1398 kw=NO_MULTIPLY GLOW11_GLOW_GLOWTEX ok=1
Cmd: compileSnippet
  api=0 type=1 insize=812 outsize=303 kw=GLOW11_MULTIPLY_VERT GLOW11_GLOW_GLOWTEX ok=1
Cmd: compileSnippet
  api=0 type=1 insize=812 outsize=305 kw=GLOW11_MULTIPLY_VERT_ALPHA GLOW11_GLOW_GLOWTEX ok=1
Cmd: compileSnippet
  api=0 type=1 insize=812 outsize=333 kw=GLOW11_MULTIPLY_ILLUMTEX_ALPHA GLOW11_GLOW_GLOWTEX ok=1
Cmd: compileSnippet
  api=4 type=1 insize=812 outsize=1274 kw=GLOW11_MULTIPLY_ILLUMTEX_ALPHA GLOW11_GLOW_GLOWTEX ok=1
Cmd: compileSnippet
  api=4 type=1 insize=812 outsize=1071 kw=GLOW11_MULTIPLY_MAINTEX_ALPHA GLOW11_GLOW_GLOWTEX ok=1
Cmd: compileSnippet
  api=8 type=1 insize=812 outsize=1398 kw=NO_MULTIPLY GLOW11_GLOW_ILLUMTEX ok=1
Cmd: compileSnippet
  api=1 type=1 insize=812 outsize=144 kw=GLOW11_MULTIPLY_VERT GLOW11_GLOW_ILLUMTEX ok=1
Cmd: compileSnippet
  api=8 type=1 insize=812 outsize=1536 kw=GLOW11_MULTIPLY_VERT GLOW11_GLOW_ILLUMTEX ok=1
Cmd: compileSnippet
  api=1 type=1 insize=812 outsize=131 kw=GLOW11_MULTIPLY_ILLUMTEX_ALPHA GLOW11_GLOW_ILLUMTEX ok=1
Cmd: compileSnippet
  api=0 type=1 insize=812 outsize=287 kw=GLOW11_MULTIPLY_MAINTEX_ALPHA GLOW11_GLOW_ILLUMTEX ok=1
Cmd: compileSnippet
  api=8 type=1 insize=812 outsize=1487 kw=GLOW11_MULTIPLY_MAINTEX_ALPHA GLOW11_GLOW_ILLUMTEX ok=1
Cmd: compileSnippet
  api=8 type=1 insize=812 outsize=1211 kw=GLOW11_GLOW_GLOWCOLOR GLOW11_MULTIPLY_GLOWCOLOR ok=1
Cmd: compileSnippet
  api=8 type=1 insize=812 outsize=1276 kw=GLOW11_GLOW_GLOWCOLOR GLOW11_MULTIPLY_VERT ok=1
Cmd: compileSnippet
  api=0 type=1 insize=812 outsize=302 kw=GLOW11_GLOW_GLOWCOLOR GLOW11_MULTIPLY_ILLUMTEX_ALPHA ok=1
Cmd: compileSnippet
  api=0 type=1 insize=812 outsize=256 kw=GLOW11_GLOW_GLOWCOLOR GLOW11_MULTIPLY_MAINTEX_ALPHA ok=1
Cmd: compileSnippet
  api=8 type=1 insize=812 outsize=1227 kw=GLOW11_GLOW_GLOWCOLOR GLOW11_MULTIPLY_MAINTEX_ALPHA ok=1
Cmd: compileSnippet
  api=8 type=1 insize=812 outsize=1252 kw=GLOW11_MULTIPLY_GLOWCOLOR GLOW11_GLOW_VERTEXCOLOR ok=1
Cmd: compileSnippet
  api=8 type=1 insize=812 outsize=1243 kw=GLOW11_MULTIPLY_VERT GLOW11_GLOW_VERTEXCOLOR ok=1
Cmd: compileSnippet
  api=1 type=1 insize=812 outsize=146 kw=GLOW11_MULTIPLY_ILLUMTEX_ALPHA GLOW11_GLOW_VERTEXCOLOR ok=1
Cmd: compileSnippet
  api=8 type=1 insize=812 outsize=1536 kw=GLOW11_MULTIPLY_ILLUMTEX_ALPHA GLOW11_GLOW_VERTEXCOLOR ok=1
Cmd: compileSnippet
  api=0 type=0 insize=848 outsize=365 kw=GLOW11_MULTIPLY_GLOWCOLOR GLOW11_GLOW_MAINTEX ok=1
Cmd: compileSnippet
  api=1 type=0 insize=848 outsize=171 kw=GLOW11_MULTIPLY_VERT GLOW11_GLOW_MAINTEX ok=1
Cmd: compileSnippet
  api=4 type=0 insize=848 outsize=1274 kw=GLOW11_GLOW_MAINTEX GLOW11_MULTIPLY_VERT_ALPHA ok=1
Cmd: compileSnippet
  api=0 type=0 insize=848 outsize=432 kw=GLOW11_GLOW_MAINTEX GLOW11_MULTIPLY_ILLUMTEX_ALPHA ok=1
Cmd: compileSnippet
  api=1 type=0 insize=848 outsize=145 kw=GLOW11_GLOW_MAINTEX GLOW11_MULTIPLY_MAINTEX_ALPHA ok=1
Cmd: compileSnippet
  api=4 type=0 insize=848 outsize=1128 kw=NO_MULTIPLY GLOW11_GLOW_MAINCOLOR ok=1
Cmd: compileSnippet
  api=0 type=0 insize=848 outsize=365 kw=GLOW11_MULTIPLY_GLOWCOLOR GLOW11_GLOW_MAINCOLOR ok=1
Cmd: compileSnippet
  api=1 type=0 insize=848 outsize=171 kw=GLOW11_MULTIPLY_VERT GLOW11_GLOW_MAINCOLOR ok=1
Cmd: compileSnippet
  api=4 type=0 insize=848 outsize=1274 kw=GLOW11_MULTIPLY_VERT_ALPHA GLOW11_GLOW_MAINCOLOR ok=1
Cmd: compileSnippet
  api=0 type=0 insize=848 outsize=432 kw=GLOW11_MULTIPLY_ILLUMTEX_ALPHA GLOW11_GLOW_MAINCOLOR ok=1
Cmd: compileSnippet
  api=1 type=0 insize=848 outsize=145 kw=GLOW11_MULTIPLY_MAINTEX_ALPHA GLOW11_GLOW_MAINCOLOR ok=1
Cmd: compileSnippet
  api=4 type=0 insize=848 outsize=1290 kw=NO_MULTIPLY GLOW11_GLOW_GLOWTEX ok=1
Cmd: compileSnippet
  api=0 type=0 insize=848 outsize=432 kw=GLOW11_MULTIPLY_GLOWCOLOR GLOW11_GLOW_GLOWTEX ok=1
Cmd: compileSnippet
  api=4 type=0 insize=848 outsize=1437 kw=GLOW11_MULTIPLY_VERT GLOW11_GLOW_GLOWTEX ok=1
Cmd: compileSnippet
  api=0 type=0 insize=848 outsize=464 kw=GLOW11_MULTIPLY_VERT_ALPHA GLOW11_GLOW_GLOWTEX ok=1
Cmd: compileSnippet
  api=1 type=0 insize=848 outsize=201 kw=GLOW11_MULTIPLY_ILLUMTEX_ALPHA GLOW11_GLOW_GLOWTEX ok=1
Cmd: compileSnippet
  api=8 type=0 insize=848 outsize=1820 kw=GLOW11_MULTIPLY_MAINTEX_ALPHA GLOW11_GLOW_GLOWTEX ok=1
Cmd: compileSnippet
  api=8 type=0 insize=848 outsize=1820 kw=NO_MULTIPLY GLOW11_GLOW_ILLUMTEX ok=1
Cmd: compileSnippet
  api=8 type=0 insize=848 outsize=1820 kw=GLOW11_MULTIPLY_GLOWCOLOR GLOW11_GLOW_ILLUMTEX ok=1
Cmd: compileSnippet
  api=8 type=0 insize=848 outsize=2015 kw=GLOW11_MULTIPLY_VERT GLOW11_GLOW_ILLUMTEX ok=1
Cmd: compileSnippet
  api=4 type=0 insize=848 outsize=1437 kw=GLOW11_MULTIPLY_VERT_ALPHA GLOW11_GLOW_ILLUMTEX ok=1
Cmd: compileSnippet
  api=0 type=0 insize=848 outsize=432 kw=GLOW11_MULTIPLY_ILLUMTEX_ALPHA GLOW11_GLOW_ILLUMTEX ok=1
Cmd: compileSnippet
  api=1 type=0 insize=848 outsize=173 kw=GLOW11_MULTIPLY_MAINTEX_ALPHA GLOW11_GLOW_ILLUMTEX ok=1
Cmd: compileSnippet
  api=8 type=0 insize=848 outsize=1617 kw=GLOW11_GLOW_GLOWCOLOR NO_MULTIPLY ok=1
Cmd: compileSnippet
  api=4 type=0 insize=848 outsize=1128 kw=GLOW11_GLOW_GLOWCOLOR GLOW11_MULTIPLY_GLOWCOLOR ok=1
Cmd: compileSnippet
  api=0 type=0 insize=848 outsize=397 kw=GLOW11_GLOW_GLOWCOLOR GLOW11_MULTIPLY_VERT ok=1
Cmd: compileSnippet
  api=1 type=0 insize=848 outsize=171 kw=GLOW11_GLOW_GLOWCOLOR GLOW11_MULTIPLY_VERT_ALPHA ok=1
Cmd: compileSnippet
  api=4 type=0 insize=848 outsize=1290 kw=GLOW11_GLOW_GLOWCOLOR GLOW11_MULTIPLY_ILLUMTEX_ALPHA ok=1
Cmd: compileSnippet
  api=0 type=0 insize=848 outsize=365 kw=GLOW11_GLOW_GLOWCOLOR GLOW11_MULTIPLY_MAINTEX_ALPHA ok=1
Cmd: compileSnippet
  api=4 type=0 insize=848 outsize=1274 kw=NO_MULTIPLY GLOW11_GLOW_VERTEXCOLOR ok=1
Cmd: compileSnippet
  api=0 type=0 insize=848 outsize=397 kw=GLOW11_MULTIPLY_VERT GLOW11_GLOW_VERTEXCOLOR ok=1
Cmd: compileSnippet
  api=8 type=0 insize=848 outsize=1812 kw=GLOW11_MULTIPLY_VERT_ALPHA GLOW11_GLOW_VERTEXCOLOR ok=1
Cmd: compileSnippet
  api=8 type=0 insize=848 outsize=2015 kw=GLOW11_MULTIPLY_ILLUMTEX_ALPHA GLOW11_GLOW_VERTEXCOLOR ok=1
Cmd: compileSnippet
  api=4 type=0 insize=848 outsize=1274 kw=GLOW11_MULTIPLY_MAINTEX_ALPHA GLOW11_GLOW_VERTEXCOLOR ok=1
Cmd: compileSnippet
  api=0 type=1 insize=848 outsize=250 kw=GLOW11_MULTIPLY_GLOWCOLOR GLOW11_GLOW_MAINTEX ok=1
Cmd: compileSnippet
  api=0 type=1 insize=848 outsize=265 kw=GLOW11_MULTIPLY_VERT GLOW11_GLOW_MAINTEX ok=1
Cmd: compileSnippet
  api=8 type=1 insize=848 outsize=1243 kw=GLOW11_MULTIPLY_VERT GLOW11_GLOW_MAINTEX ok=1
Cmd: compileSnippet
  api=8 type=1 insize=848 outsize=1243 kw=GLOW11_GLOW_MAINTEX GLOW11_MULTIPLY_VERT_ALPHA ok=1
Cmd: compileSnippet
  api=0 type=1 insize=848 outsize=252 kw=GLOW11_GLOW_MAINTEX GLOW11_MULTIPLY_MAINTEX_ALPHA ok=1
Cmd: compileSnippet
  api=8 type=1 insize=848 outsize=1195 kw=GLOW11_GLOW_MAINTEX GLOW11_MULTIPLY_MAINTEX_ALPHA ok=1
Cmd: compileSnippet
  api=8 type=1 insize=848 outsize=1138 kw=NO_MULTIPLY GLOW11_GLOW_MAINCOLOR ok=1
Cmd: compileSnippet
  api=8 type=1 insize=848 outsize=1235 kw=GLOW11_MULTIPLY_GLOWCOLOR GLOW11_GLOW_MAINCOLOR ok=1
Cmd: compileSnippet
  api=8 type=1 insize=848 outsize=1276 kw=GLOW11_MULTIPLY_VERT GLOW11_GLOW_MAINCOLOR ok=1
Cmd: compileSnippet
  api=8 type=1 insize=848 outsize=1276 kw=GLOW11_MULTIPLY_VERT_ALPHA GLOW11_GLOW_MAINCOLOR ok=1
Cmd: compileSnippet
  api=8 type=1 insize=848 outsize=1520 kw=GLOW11_MULTIPLY_ILLUMTEX_ALPHA GLOW11_GLOW_MAINCOLOR ok=1
Cmd: compileSnippet
  api=8 type=1 insize=848 outsize=1227 kw=GLOW11_MULTIPLY_MAINTEX_ALPHA GLOW11_GLOW_MAINCOLOR ok=1
Cmd: compileSnippet
  api=8 type=1 insize=848 outsize=1398 kw=NO_MULTIPLY GLOW11_GLOW_GLOWTEX ok=1
Cmd: compileSnippet
  api=8 type=1 insize=848 outsize=1495 kw=GLOW11_MULTIPLY_GLOWCOLOR GLOW11_GLOW_GLOWTEX ok=1
Cmd: compileSnippet
  api=8 type=1 insize=848 outsize=1536 kw=GLOW11_MULTIPLY_VERT GLOW11_GLOW_GLOWTEX ok=1
Cmd: compileSnippet
  api=8 type=1 insize=848 outsize=1536 kw=GLOW11_MULTIPLY_VERT_ALPHA GLOW11_GLOW_GLOWTEX ok=1
Cmd: compileSnippet
  api=8 type=1 insize=848 outsize=1780 kw=GLOW11_MULTIPLY_ILLUMTEX_ALPHA GLOW11_GLOW_GLOWTEX ok=1
Cmd: compileSnippet
  api=1 type=1 insize=848 outsize=114 kw=NO_MULTIPLY GLOW11_GLOW_ILLUMTEX ok=1
Cmd: compileSnippet
  api=0 type=1 insize=848 outsize=288 kw=GLOW11_MULTIPLY_GLOWCOLOR GLOW11_GLOW_ILLUMTEX ok=1
Cmd: compileSnippet
  api=0 type=1 insize=848 outsize=303 kw=GLOW11_MULTIPLY_VERT GLOW11_GLOW_ILLUMTEX ok=1
Cmd: compileSnippet
  api=8 type=1 insize=848 outsize=1536 kw=GLOW11_MULTIPLY_VERT GLOW11_GLOW_ILLUMTEX ok=1
Cmd: compileSnippet
  api=8 type=1 insize=848 outsize=1536 kw=GLOW11_MULTIPLY_VERT_ALPHA GLOW11_GLOW_ILLUMTEX ok=1
Cmd: compileSnippet
  api=8 type=1 insize=848 outsize=1487 kw=GLOW11_MULTIPLY_ILLUMTEX_ALPHA GLOW11_GLOW_ILLUMTEX ok=1
Cmd: compileSnippet
  api=8 type=1 insize=848 outsize=1487 kw=GLOW11_MULTIPLY_MAINTEX_ALPHA GLOW11_GLOW_ILLUMTEX ok=1
Cmd: compileSnippet
  api=8 type=1 insize=848 outsize=1138 kw=GLOW11_GLOW_GLOWCOLOR NO_MULTIPLY ok=1
Cmd: compileSnippet
  api=8 type=1 insize=848 outsize=1211 kw=GLOW11_GLOW_GLOWCOLOR GLOW11_MULTIPLY_GLOWCOLOR ok=1
Cmd: compileSnippet
  api=8 type=1 insize=848 outsize=1276 kw=GLOW11_GLOW_GLOWCOLOR GLOW11_MULTIPLY_VERT ok=1
Cmd: compileSnippet
  api=8 type=1 insize=848 outsize=1276 kw=GLOW11_GLOW_GLOWCOLOR GLOW11_MULTIPLY_VERT_ALPHA ok=1
Cmd: compileSnippet
  api=8 type=1 insize=848 outsize=1520 kw=GLOW11_GLOW_GLOWCOLOR GLOW11_MULTIPLY_ILLUMTEX_ALPHA ok=1
Cmd: compileSnippet
  api=1 type=1 insize=848 outsize=88 kw=NO_MULTIPLY GLOW11_GLOW_VERTEXCOLOR ok=1
Cmd: compileSnippet
  api=0 type=1 insize=848 outsize=258 kw=GLOW11_MULTIPLY_GLOWCOLOR GLOW11_GLOW_VERTEXCOLOR ok=1
Cmd: compileSnippet
  api=8 type=1 insize=848 outsize=1252 kw=GLOW11_MULTIPLY_GLOWCOLOR GLOW11_GLOW_VERTEXCOLOR ok=1
Cmd: compileSnippet
  api=4 type=1 insize=848 outsize=892 kw=GLOW11_MULTIPLY_VERT_ALPHA GLOW11_GLOW_VERTEXCOLOR ok=1
Cmd: compileSnippet
  api=1 type=1 insize=848 outsize=146 kw=GLOW11_MULTIPLY_ILLUMTEX_ALPHA GLOW11_GLOW_VERTEXCOLOR ok=1
Cmd: compileSnippet
  api=1 type=1 insize=848 outsize=109 kw=GLOW11_MULTIPLY_MAINTEX_ALPHA GLOW11_GLOW_VERTEXCOLOR ok=1
Cmd: compileSnippet
  api=8 type=1 insize=848 outsize=1243 kw=GLOW11_MULTIPLY_MAINTEX_ALPHA GLOW11_GLOW_VERTEXCOLOR ok=1
Cmd: compileSnippet
  api=1 type=0 insize=479 outsize=156 kw= ok=1
Cmd: compileSnippet
  api=0 type=1 insize=479 outsize=455 kw= ok=1
Cmd: compileSnippet
  api=1 type=1 insize=479 outsize=265 kw= ok=1
Cmd: compileSnippet
  api=1 type=0 insize=479 outsize=156 kw= ok=1
Cmd: compileSnippet
  api=1 type=1 insize=479 outsize=450 kw= ok=1
Cmd: compileSnippet
  api=1 type=1 insize=479 outsize=458 kw= ok=1
Cmd: compileSnippet
  api=1 type=1 insize=480 outsize=639 kw= ok=1
Cmd: compileSnippet
  api=1 type=1 insize=480 outsize=651 kw= ok=1
Cmd: compileSnippet
  api=1 type=1 insize=480 outsize=832 kw= ok=1
Cmd: compileSnippet
  api=1 type=1 insize=481 outsize=840 kw= ok=1
Cmd: compileSnippet
  api=1 type=0 insize=481 outsize=156 kw= ok=1
Cmd: compileSnippet
  api=1 type=1 insize=481 outsize=1029 kw= ok=1
Cmd: compileSnippet
  api=1 type=1 insize=481 outsize=1210 kw= ok=1
Cmd: compileSnippet
  api=1 type=0 insize=481 outsize=156 kw= ok=1
Cmd: compileSnippet
  api=1 type=0 insize=481 outsize=156 kw= ok=1
Cmd: compileSnippet
  api=1 type=0 insize=481 outsize=156 kw= ok=1
Cmd: compileSnippet
  api=1 type=0 insize=481 outsize=156 kw= ok=1
Cmd: compileSnippet
  api=1 type=0 insize=482 outsize=156 kw= ok=1
Cmd: compileSnippet
  api=1 type=0 insize=482 outsize=156 kw= ok=1
Cmd: compileSnippet
  api=1 type=0 insize=482 outsize=156 kw= ok=1
Cmd: compileSnippet
  api=1 type=1 insize=482 outsize=2561 kw= ok=1
Cmd: compileSnippet
  api=1 type=0 insize=482 outsize=156 kw= ok=1
Cmd: compileSnippet
  api=1 type=0 insize=482 outsize=156 kw= ok=1
Cmd: compileSnippet
  api=1 type=1 insize=482 outsize=2947 kw= ok=1
Cmd: compileSnippet
  api=1 type=0 insize=481 outsize=132 kw= ok=1
Cmd: compileSnippet
  api=1 type=0 insize=481 outsize=132 kw= ok=1
Cmd: compileSnippet
  api=1 type=1 insize=481 outsize=269 kw= ok=1
Cmd: compileSnippet
  api=1 type=1 insize=481 outsize=454 kw= ok=1
Cmd: compileSnippet
  api=1 type=1 insize=481 outsize=462 kw= ok=1
Cmd: compileSnippet
  api=1 type=1 insize=481 outsize=643 kw= ok=1
Cmd: compileSnippet
  api=1 type=1 insize=481 outsize=836 kw= ok=1
Cmd: compileSnippet
  api=1 type=0 insize=481 outsize=132 kw= ok=1
Cmd: compileSnippet
  api=1 type=0 insize=481 outsize=132 kw= ok=1
Cmd: compileSnippet
  api=1 type=1 insize=481 outsize=1040 kw= ok=1
Cmd: compileSnippet
  api=1 type=1 insize=481 outsize=1213 kw= ok=1
Cmd: compileSnippet
  api=1 type=1 insize=482 outsize=1218 kw= ok=1
Cmd: compileSnippet
  api=8 type=0 insize=952 outsize=1438 kw= ok=1
Cmd: compileSnippet
  api=1 type=0 insize=952 outsize=132 kw= ok=1
Cmd: compileSnippet
  api=8 type=1 insize=952 outsize=1008 kw= ok=1
Cmd: compileSnippet
  api=8 type=0 insize=916 outsize=1438 kw= ok=1
Cmd: compileSnippet
  api=8 type=1 insize=916 outsize=1008 kw= ok=1
Cmd: compileSnippet
  api=1 type=1 insize=973 outsize=118 kw= ok=1
Unhandled exception: Readfile from pipe failed. GLE=管道已结束。


Quitting shader compiler process
